22-03-30 09:52:30.401 :   task: Medical_Fusion
  model: plain
  gpu_ids: [0, 1, 2]
  dist: True
  scale: 1
  n_channels: 1
  path:[
    root: Model/Medical_Fusion-CT-MRI
    pretrained_netG: None
    pretrained_netE: None
    task: Model/Medical_Fusion-CT-MRI/Medical_Fusion
    log: Model/Medical_Fusion-CT-MRI/Medical_Fusion
    options: Model/Medical_Fusion-CT-MRI/Medical_Fusion/options
    models: Model/Medical_Fusion-CT-MRI/Medical_Fusion/models
    images: Model/Medical_Fusion-CT-MRI/Medical_Fusion/images
    pretrained_optimizerG: None
  ]
  datasets:[
    train:[
      name: train_dataset
      dataset_type: med
      dataroot_A: Dataset/trainsets/CT-MRI/MRI
      dataroot_B: Dataset/trainsets/CT-MRI/CT
      dataroot_GT: Dataset/trainsets/CT-MRI/CT
      H_size: 64
      dataloader_shuffle: True
      dataloader_num_workers: 8
      dataloader_batch_size: 12
      phase: train
      scale: 1
      n_channels: 1
    ]
    test:[
      name: test_dataset
      dataset_type: med
      dataroot_A: Dataset/valsets/CT-MRI/mri
      dataroot_B: Dataset/valsets/CT-MRI/ct
      dataroot_GT: Dataset/valsets/CT-MRI/ct
      phase: test
      scale: 1
      n_channels: 1
    ]
  ]
  netG:[
    net_type: swinfusion1
    upscale: 1
    in_chans: 1
    img_size: 128
    window_size: 8
    img_range: 1.0
    depths: [6, 6, 6, 6]
    embed_dim: 60
    num_heads: [6, 6, 6, 6]
    mlp_ratio: 2
    upsampler: None
    resi_connection: 1conv
    init_type: default
    scale: 1
  ]
  train:[
    G_lossfn_type: med
    G_lossfn_weight: 1.0
    E_decay: 0.999
    G_optimizer_type: adam
    G_optimizer_lr: 0.0002
    G_optimizer_wd: 0
    G_optimizer_clipgrad: None
    G_optimizer_reuse: True
    G_scheduler_type: MultiStepLR
    G_scheduler_milestones: [250000, 400000, 450000, 475000, 500000]
    G_scheduler_gamma: 0.5
    G_regularizer_orthstep: None
    G_regularizer_clipstep: None
    G_param_strict: True
    E_param_strict: True
    checkpoint_test: 1000
    checkpoint_save: 1000
    checkpoint_print: 200
    F_feature_layer: 34
    F_weights: 1.0
    F_lossfn_type: l1
    F_use_input_norm: True
    F_use_range_norm: False
  ]
  opt_path: options/swinir/train_swinfusion_med.json
  is_train: True
  merge_bn: False
  merge_bn_startpoint: -1
  find_unused_parameters: True
  num_gpu: 3
  rank: 0
  world_size: 3

22-03-30 09:52:30.405 : Number of train images: 184, iters: 16
22-03-30 09:53:46.748 : <epoch: 13, iter:     200, lr:2.000e-04> G_loss: 4.917e+00 TV_loss: 0.000e+00 Gradient_loss: 8.787e-01 l1_loss: 1.768e-01 Constrast_loss: 3.861e+00 
22-03-30 09:54:56.621 : <epoch: 26, iter:     400, lr:2.000e-04> G_loss: 1.669e+01 TV_loss: 0.000e+00 Gradient_loss: 3.406e+00 l1_loss: 5.750e-01 Constrast_loss: 1.271e+01 
22-03-30 09:56:07.578 : <epoch: 39, iter:     600, lr:2.000e-04> G_loss: 2.071e+01 TV_loss: 0.000e+00 Gradient_loss: 3.963e+00 l1_loss: 6.486e-01 Constrast_loss: 1.609e+01 
22-03-30 09:57:20.862 : <epoch: 53, iter:     800, lr:2.000e-04> G_loss: 1.132e+01 TV_loss: 0.000e+00 Gradient_loss: 1.932e+00 l1_loss: 3.325e-01 Constrast_loss: 9.053e+00 
22-03-30 09:58:32.218 : <epoch: 66, iter:   1,000, lr:2.000e-04> G_loss: 1.553e+01 TV_loss: 0.000e+00 Gradient_loss: 3.428e+00 l1_loss: 5.313e-01 Constrast_loss: 1.157e+01 
22-03-30 09:58:32.220 : Saving the model. Save path is:Model/Medical_Fusion-CT-MRI/Medical_Fusion/models/1000_E.pth
22-03-30 09:59:51.718 : <epoch: 79, iter:   1,200, lr:2.000e-04> G_loss: 1.902e+01 TV_loss: 0.000e+00 Gradient_loss: 3.477e+00 l1_loss: 7.324e-01 Constrast_loss: 1.481e+01 
22-03-30 10:01:04.968 : <epoch: 93, iter:   1,400, lr:2.000e-04> G_loss: 1.619e+01 TV_loss: 0.000e+00 Gradient_loss: 3.026e+00 l1_loss: 4.886e-01 Constrast_loss: 1.268e+01 
22-03-30 10:02:15.524 : <epoch:106, iter:   1,600, lr:2.000e-04> G_loss: 2.006e+01 TV_loss: 0.000e+00 Gradient_loss: 4.170e+00 l1_loss: 5.453e-01 Constrast_loss: 1.535e+01 
22-03-30 10:03:26.262 : <epoch:119, iter:   1,800, lr:2.000e-04> G_loss: 1.715e+01 TV_loss: 0.000e+00 Gradient_loss: 2.836e+00 l1_loss: 5.499e-01 Constrast_loss: 1.376e+01 
22-03-30 10:04:38.716 : <epoch:133, iter:   2,000, lr:2.000e-04> G_loss: 1.446e+01 TV_loss: 0.000e+00 Gradient_loss: 2.442e+00 l1_loss: 3.705e-01 Constrast_loss: 1.165e+01 
22-03-30 10:04:38.718 : Saving the model. Save path is:Model/Medical_Fusion-CT-MRI/Medical_Fusion/models/2000_E.pth
22-03-30 10:05:57.896 : <epoch:146, iter:   2,200, lr:2.000e-04> G_loss: 1.936e+01 TV_loss: 0.000e+00 Gradient_loss: 3.509e+00 l1_loss: 5.114e-01 Constrast_loss: 1.534e+01 
22-03-30 10:07:07.942 : <epoch:159, iter:   2,400, lr:2.000e-04> G_loss: 1.588e+01 TV_loss: 0.000e+00 Gradient_loss: 2.483e+00 l1_loss: 5.586e-01 Constrast_loss: 1.284e+01 
22-03-30 10:08:19.963 : <epoch:173, iter:   2,600, lr:2.000e-04> G_loss: 1.932e+01 TV_loss: 0.000e+00 Gradient_loss: 2.946e+00 l1_loss: 6.682e-01 Constrast_loss: 1.571e+01 
22-03-30 10:09:30.249 : <epoch:186, iter:   2,800, lr:2.000e-04> G_loss: 1.863e+01 TV_loss: 0.000e+00 Gradient_loss: 3.449e+00 l1_loss: 6.176e-01 Constrast_loss: 1.456e+01 
22-03-30 10:10:40.688 : <epoch:199, iter:   3,000, lr:2.000e-04> G_loss: 1.428e+01 TV_loss: 0.000e+00 Gradient_loss: 1.927e+00 l1_loss: 5.212e-01 Constrast_loss: 1.183e+01 
22-03-30 10:10:40.689 : Saving the model. Save path is:Model/Medical_Fusion-CT-MRI/Medical_Fusion/models/3000_E.pth
22-03-30 10:12:00.580 : <epoch:213, iter:   3,200, lr:2.000e-04> G_loss: 2.056e+01 TV_loss: 0.000e+00 Gradient_loss: 2.825e+00 l1_loss: 6.645e-01 Constrast_loss: 1.707e+01 
22-03-30 10:13:10.176 : <epoch:226, iter:   3,400, lr:2.000e-04> G_loss: 1.104e+01 TV_loss: 0.000e+00 Gradient_loss: 1.960e+00 l1_loss: 3.619e-01 Constrast_loss: 8.721e+00 
22-03-30 10:14:21.319 : <epoch:239, iter:   3,600, lr:2.000e-04> G_loss: 1.776e+01 TV_loss: 0.000e+00 Gradient_loss: 2.461e+00 l1_loss: 5.659e-01 Constrast_loss: 1.473e+01 
22-03-30 10:15:33.756 : <epoch:253, iter:   3,800, lr:2.000e-04> G_loss: 1.292e+01 TV_loss: 0.000e+00 Gradient_loss: 1.766e+00 l1_loss: 3.207e-01 Constrast_loss: 1.083e+01 
22-03-30 10:17:23.966 : <epoch:266, iter:   4,000, lr:2.000e-04> G_loss: 1.586e+01 TV_loss: 0.000e+00 Gradient_loss: 2.476e+00 l1_loss: 5.048e-01 Constrast_loss: 1.288e+01 
22-03-30 10:17:23.967 : Saving the model. Save path is:Model/Medical_Fusion-CT-MRI/Medical_Fusion/models/4000_E.pth
22-03-30 10:19:40.519 : <epoch:279, iter:   4,200, lr:2.000e-04> G_loss: 2.404e+01 TV_loss: 0.000e+00 Gradient_loss: 3.633e+00 l1_loss: 6.787e-01 Constrast_loss: 1.973e+01 
22-03-30 10:21:34.249 : <epoch:293, iter:   4,400, lr:2.000e-04> G_loss: 2.050e+01 TV_loss: 0.000e+00 Gradient_loss: 3.167e+00 l1_loss: 5.921e-01 Constrast_loss: 1.674e+01 
22-03-30 10:22:44.895 : <epoch:306, iter:   4,600, lr:2.000e-04> G_loss: 1.572e+01 TV_loss: 0.000e+00 Gradient_loss: 2.701e+00 l1_loss: 5.117e-01 Constrast_loss: 1.250e+01 
22-03-30 10:23:54.911 : <epoch:319, iter:   4,800, lr:2.000e-04> G_loss: 1.454e+01 TV_loss: 0.000e+00 Gradient_loss: 1.621e+00 l1_loss: 3.623e-01 Constrast_loss: 1.255e+01 
22-03-30 10:25:08.719 : <epoch:333, iter:   5,000, lr:2.000e-04> G_loss: 1.855e+01 TV_loss: 0.000e+00 Gradient_loss: 2.623e+00 l1_loss: 5.702e-01 Constrast_loss: 1.536e+01 
22-03-30 10:25:08.722 : Saving the model. Save path is:Model/Medical_Fusion-CT-MRI/Medical_Fusion/models/5000_E.pth
22-03-30 10:26:27.788 : <epoch:346, iter:   5,200, lr:2.000e-04> G_loss: 1.312e+01 TV_loss: 0.000e+00 Gradient_loss: 2.164e+00 l1_loss: 4.200e-01 Constrast_loss: 1.054e+01 
22-03-30 10:27:38.366 : <epoch:359, iter:   5,400, lr:2.000e-04> G_loss: 1.466e+01 TV_loss: 0.000e+00 Gradient_loss: 1.930e+00 l1_loss: 4.256e-01 Constrast_loss: 1.230e+01 
22-03-30 10:28:50.317 : <epoch:373, iter:   5,600, lr:2.000e-04> G_loss: 1.679e+01 TV_loss: 0.000e+00 Gradient_loss: 1.951e+00 l1_loss: 4.250e-01 Constrast_loss: 1.442e+01 
22-03-30 10:30:00.704 : <epoch:386, iter:   5,800, lr:2.000e-04> G_loss: 1.723e+01 TV_loss: 0.000e+00 Gradient_loss: 2.873e+00 l1_loss: 5.789e-01 Constrast_loss: 1.378e+01 
22-03-30 10:31:10.934 : <epoch:399, iter:   6,000, lr:2.000e-04> G_loss: 1.374e+01 TV_loss: 0.000e+00 Gradient_loss: 2.115e+00 l1_loss: 4.617e-01 Constrast_loss: 1.116e+01 
22-03-30 10:31:10.938 : Saving the model. Save path is:Model/Medical_Fusion-CT-MRI/Medical_Fusion/models/6000_E.pth
22-03-30 10:32:31.727 : <epoch:413, iter:   6,200, lr:2.000e-04> G_loss: 1.133e+01 TV_loss: 0.000e+00 Gradient_loss: 1.860e+00 l1_loss: 3.086e-01 Constrast_loss: 9.161e+00 
22-03-30 10:33:43.201 : <epoch:426, iter:   6,400, lr:2.000e-04> G_loss: 1.611e+01 TV_loss: 0.000e+00 Gradient_loss: 3.077e+00 l1_loss: 5.664e-01 Constrast_loss: 1.247e+01 
22-03-30 10:34:54.530 : <epoch:439, iter:   6,600, lr:2.000e-04> G_loss: 1.399e+01 TV_loss: 0.000e+00 Gradient_loss: 1.359e+00 l1_loss: 2.615e-01 Constrast_loss: 1.237e+01 
22-03-30 10:36:06.607 : <epoch:453, iter:   6,800, lr:2.000e-04> G_loss: 2.005e+01 TV_loss: 0.000e+00 Gradient_loss: 2.712e+00 l1_loss: 4.774e-01 Constrast_loss: 1.686e+01 
22-03-30 10:37:17.454 : <epoch:466, iter:   7,000, lr:2.000e-04> G_loss: 1.763e+01 TV_loss: 0.000e+00 Gradient_loss: 2.746e+00 l1_loss: 5.839e-01 Constrast_loss: 1.430e+01 
22-03-30 10:37:17.457 : Saving the model. Save path is:Model/Medical_Fusion-CT-MRI/Medical_Fusion/models/7000_E.pth
22-03-30 10:38:37.116 : <epoch:479, iter:   7,200, lr:2.000e-04> G_loss: 1.744e+01 TV_loss: 0.000e+00 Gradient_loss: 2.207e+00 l1_loss: 6.133e-01 Constrast_loss: 1.462e+01 
22-03-30 10:39:49.456 : <epoch:493, iter:   7,400, lr:2.000e-04> G_loss: 1.922e+01 TV_loss: 0.000e+00 Gradient_loss: 2.604e+00 l1_loss: 5.690e-01 Constrast_loss: 1.604e+01 
22-03-30 10:41:01.058 : <epoch:506, iter:   7,600, lr:2.000e-04> G_loss: 1.682e+01 TV_loss: 0.000e+00 Gradient_loss: 2.436e+00 l1_loss: 4.485e-01 Constrast_loss: 1.394e+01 
22-03-30 10:42:11.443 : <epoch:519, iter:   7,800, lr:2.000e-04> G_loss: 1.375e+01 TV_loss: 0.000e+00 Gradient_loss: 2.097e+00 l1_loss: 4.085e-01 Constrast_loss: 1.124e+01 
22-03-30 10:43:23.487 : <epoch:533, iter:   8,000, lr:2.000e-04> G_loss: 1.527e+01 TV_loss: 0.000e+00 Gradient_loss: 1.810e+00 l1_loss: 3.303e-01 Constrast_loss: 1.313e+01 
22-03-30 10:43:23.490 : Saving the model. Save path is:Model/Medical_Fusion-CT-MRI/Medical_Fusion/models/8000_E.pth
22-03-30 10:44:42.019 : <epoch:546, iter:   8,200, lr:2.000e-04> G_loss: 1.297e+01 TV_loss: 0.000e+00 Gradient_loss: 1.713e+00 l1_loss: 3.861e-01 Constrast_loss: 1.087e+01 
22-03-30 10:45:54.857 : <epoch:559, iter:   8,400, lr:2.000e-04> G_loss: 1.597e+01 TV_loss: 0.000e+00 Gradient_loss: 1.704e+00 l1_loss: 5.103e-01 Constrast_loss: 1.375e+01 
22-03-30 10:47:08.012 : <epoch:573, iter:   8,600, lr:2.000e-04> G_loss: 1.729e+01 TV_loss: 0.000e+00 Gradient_loss: 2.280e+00 l1_loss: 4.502e-01 Constrast_loss: 1.456e+01 
22-03-30 10:48:18.114 : <epoch:586, iter:   8,800, lr:2.000e-04> G_loss: 1.334e+01 TV_loss: 0.000e+00 Gradient_loss: 1.999e+00 l1_loss: 4.006e-01 Constrast_loss: 1.094e+01 
22-03-30 10:49:29.403 : <epoch:599, iter:   9,000, lr:2.000e-04> G_loss: 1.773e+01 TV_loss: 0.000e+00 Gradient_loss: 2.561e+00 l1_loss: 6.209e-01 Constrast_loss: 1.455e+01 
22-03-30 10:49:29.407 : Saving the model. Save path is:Model/Medical_Fusion-CT-MRI/Medical_Fusion/models/9000_E.pth
22-03-30 10:50:50.144 : <epoch:613, iter:   9,200, lr:2.000e-04> G_loss: 1.391e+01 TV_loss: 0.000e+00 Gradient_loss: 1.625e+00 l1_loss: 3.591e-01 Constrast_loss: 1.193e+01 
22-03-30 10:52:00.760 : <epoch:626, iter:   9,400, lr:2.000e-04> G_loss: 1.557e+01 TV_loss: 0.000e+00 Gradient_loss: 2.663e+00 l1_loss: 5.644e-01 Constrast_loss: 1.235e+01 
22-03-30 10:53:11.102 : <epoch:639, iter:   9,600, lr:2.000e-04> G_loss: 1.520e+01 TV_loss: 0.000e+00 Gradient_loss: 2.120e+00 l1_loss: 3.580e-01 Constrast_loss: 1.272e+01 
22-03-30 10:54:23.652 : <epoch:653, iter:   9,800, lr:2.000e-04> G_loss: 1.241e+01 TV_loss: 0.000e+00 Gradient_loss: 1.479e+00 l1_loss: 3.658e-01 Constrast_loss: 1.057e+01 
22-03-30 10:55:34.409 : <epoch:666, iter:  10,000, lr:2.000e-04> G_loss: 1.464e+01 TV_loss: 0.000e+00 Gradient_loss: 2.355e+00 l1_loss: 4.269e-01 Constrast_loss: 1.186e+01 
22-03-30 10:55:34.410 : Saving the model. Save path is:Model/Medical_Fusion-CT-MRI/Medical_Fusion/models/10000_E.pth
22-03-30 10:56:53.870 : <epoch:679, iter:  10,200, lr:2.000e-04> G_loss: 1.030e+01 TV_loss: 0.000e+00 Gradient_loss: 1.626e+00 l1_loss: 4.011e-01 Constrast_loss: 8.270e+00 
22-03-30 10:58:06.121 : <epoch:693, iter:  10,400, lr:2.000e-04> G_loss: 1.924e+01 TV_loss: 0.000e+00 Gradient_loss: 2.916e+00 l1_loss: 6.454e-01 Constrast_loss: 1.568e+01 
22-03-30 10:59:17.913 : <epoch:706, iter:  10,600, lr:2.000e-04> G_loss: 1.708e+01 TV_loss: 0.000e+00 Gradient_loss: 2.593e+00 l1_loss: 6.137e-01 Constrast_loss: 1.387e+01 
22-03-30 11:00:28.581 : <epoch:719, iter:  10,800, lr:2.000e-04> G_loss: 1.572e+01 TV_loss: 0.000e+00 Gradient_loss: 2.339e+00 l1_loss: 5.012e-01 Constrast_loss: 1.288e+01 
22-03-30 11:01:40.926 : <epoch:733, iter:  11,000, lr:2.000e-04> G_loss: 2.069e+01 TV_loss: 0.000e+00 Gradient_loss: 2.862e+00 l1_loss: 6.140e-01 Constrast_loss: 1.721e+01 
22-03-30 11:01:40.930 : Saving the model. Save path is:Model/Medical_Fusion-CT-MRI/Medical_Fusion/models/11000_E.pth
22-03-30 11:03:00.385 : <epoch:746, iter:  11,200, lr:2.000e-04> G_loss: 1.574e+01 TV_loss: 0.000e+00 Gradient_loss: 2.375e+00 l1_loss: 5.175e-01 Constrast_loss: 1.284e+01 
22-03-30 11:04:11.316 : <epoch:759, iter:  11,400, lr:2.000e-04> G_loss: 1.138e+01 TV_loss: 0.000e+00 Gradient_loss: 1.645e+00 l1_loss: 4.188e-01 Constrast_loss: 9.317e+00 
22-03-30 11:05:24.203 : <epoch:773, iter:  11,600, lr:2.000e-04> G_loss: 1.669e+01 TV_loss: 0.000e+00 Gradient_loss: 2.193e+00 l1_loss: 4.590e-01 Constrast_loss: 1.404e+01 
22-03-30 11:06:34.408 : <epoch:786, iter:  11,800, lr:2.000e-04> G_loss: 1.541e+01 TV_loss: 0.000e+00 Gradient_loss: 2.479e+00 l1_loss: 5.564e-01 Constrast_loss: 1.237e+01 
22-03-30 11:07:44.274 : <epoch:799, iter:  12,000, lr:2.000e-04> G_loss: 1.485e+01 TV_loss: 0.000e+00 Gradient_loss: 2.176e+00 l1_loss: 3.782e-01 Constrast_loss: 1.229e+01 
22-03-30 11:07:44.278 : Saving the model. Save path is:Model/Medical_Fusion-CT-MRI/Medical_Fusion/models/12000_E.pth
22-03-30 11:09:04.834 : <epoch:813, iter:  12,200, lr:2.000e-04> G_loss: 1.051e+01 TV_loss: 0.000e+00 Gradient_loss: 1.604e+00 l1_loss: 3.055e-01 Constrast_loss: 8.602e+00 
22-03-30 11:10:15.433 : <epoch:826, iter:  12,400, lr:2.000e-04> G_loss: 1.606e+01 TV_loss: 0.000e+00 Gradient_loss: 2.635e+00 l1_loss: 5.540e-01 Constrast_loss: 1.287e+01 
22-03-30 11:11:26.258 : <epoch:839, iter:  12,600, lr:2.000e-04> G_loss: 1.340e+01 TV_loss: 0.000e+00 Gradient_loss: 1.616e+00 l1_loss: 6.685e-01 Constrast_loss: 1.112e+01 
22-03-30 11:12:38.565 : <epoch:853, iter:  12,800, lr:2.000e-04> G_loss: 1.496e+01 TV_loss: 0.000e+00 Gradient_loss: 1.739e+00 l1_loss: 4.680e-01 Constrast_loss: 1.275e+01 
22-03-30 11:13:49.496 : <epoch:866, iter:  13,000, lr:2.000e-04> G_loss: 8.225e+00 TV_loss: 0.000e+00 Gradient_loss: 1.352e+00 l1_loss: 2.851e-01 Constrast_loss: 6.587e+00 
22-03-30 11:13:49.498 : Saving the model. Save path is:Model/Medical_Fusion-CT-MRI/Medical_Fusion/models/13000_E.pth
22-03-30 11:15:08.738 : <epoch:879, iter:  13,200, lr:2.000e-04> G_loss: 1.750e+01 TV_loss: 0.000e+00 Gradient_loss: 2.488e+00 l1_loss: 6.933e-01 Constrast_loss: 1.431e+01 
22-03-30 11:16:20.568 : <epoch:893, iter:  13,400, lr:2.000e-04> G_loss: 8.511e+00 TV_loss: 0.000e+00 Gradient_loss: 8.873e-01 l1_loss: 1.993e-01 Constrast_loss: 7.425e+00 
22-03-30 11:17:32.520 : <epoch:906, iter:  13,600, lr:2.000e-04> G_loss: 1.674e+01 TV_loss: 0.000e+00 Gradient_loss: 2.132e+00 l1_loss: 4.512e-01 Constrast_loss: 1.416e+01 
22-03-30 11:18:42.299 : <epoch:919, iter:  13,800, lr:2.000e-04> G_loss: 1.437e+01 TV_loss: 0.000e+00 Gradient_loss: 2.127e+00 l1_loss: 4.699e-01 Constrast_loss: 1.178e+01 
22-03-30 11:19:55.131 : <epoch:933, iter:  14,000, lr:2.000e-04> G_loss: 1.821e+01 TV_loss: 0.000e+00 Gradient_loss: 2.796e+00 l1_loss: 5.129e-01 Constrast_loss: 1.490e+01 
22-03-30 11:19:55.135 : Saving the model. Save path is:Model/Medical_Fusion-CT-MRI/Medical_Fusion/models/14000_E.pth
22-03-30 11:21:13.972 : <epoch:946, iter:  14,200, lr:2.000e-04> G_loss: 8.919e+00 TV_loss: 0.000e+00 Gradient_loss: 1.460e+00 l1_loss: 2.464e-01 Constrast_loss: 7.213e+00 
22-03-30 11:22:25.057 : <epoch:959, iter:  14,400, lr:2.000e-04> G_loss: 1.423e+01 TV_loss: 0.000e+00 Gradient_loss: 2.140e+00 l1_loss: 4.881e-01 Constrast_loss: 1.161e+01 
22-03-30 11:23:36.891 : <epoch:973, iter:  14,600, lr:2.000e-04> G_loss: 1.135e+01 TV_loss: 0.000e+00 Gradient_loss: 1.614e+00 l1_loss: 3.518e-01 Constrast_loss: 9.385e+00 
22-03-30 11:24:47.874 : <epoch:986, iter:  14,800, lr:2.000e-04> G_loss: 1.260e+01 TV_loss: 0.000e+00 Gradient_loss: 1.970e+00 l1_loss: 3.407e-01 Constrast_loss: 1.029e+01 
22-03-30 11:25:57.094 : <epoch:999, iter:  15,000, lr:2.000e-04> G_loss: 1.601e+01 TV_loss: 0.000e+00 Gradient_loss: 2.463e+00 l1_loss: 5.530e-01 Constrast_loss: 1.299e+01 
22-03-30 11:25:57.097 : Saving the model. Save path is:Model/Medical_Fusion-CT-MRI/Medical_Fusion/models/15000_E.pth
22-03-30 11:27:17.526 : <epoch:1013, iter:  15,200, lr:2.000e-04> G_loss: 1.355e+01 TV_loss: 0.000e+00 Gradient_loss: 1.263e+00 l1_loss: 2.650e-01 Constrast_loss: 1.202e+01 
22-03-30 11:28:26.823 : <epoch:1026, iter:  15,400, lr:2.000e-04> G_loss: 2.032e+01 TV_loss: 0.000e+00 Gradient_loss: 3.374e+00 l1_loss: 6.803e-01 Constrast_loss: 1.627e+01 
22-03-30 11:29:37.929 : <epoch:1039, iter:  15,600, lr:2.000e-04> G_loss: 1.709e+01 TV_loss: 0.000e+00 Gradient_loss: 2.335e+00 l1_loss: 5.514e-01 Constrast_loss: 1.420e+01 
22-03-30 11:30:50.668 : <epoch:1053, iter:  15,800, lr:2.000e-04> G_loss: 1.453e+01 TV_loss: 0.000e+00 Gradient_loss: 2.363e+00 l1_loss: 3.939e-01 Constrast_loss: 1.177e+01 
22-03-30 11:32:02.207 : <epoch:1066, iter:  16,000, lr:2.000e-04> G_loss: 1.949e+01 TV_loss: 0.000e+00 Gradient_loss: 2.870e+00 l1_loss: 7.516e-01 Constrast_loss: 1.587e+01 
22-03-30 11:32:02.210 : Saving the model. Save path is:Model/Medical_Fusion-CT-MRI/Medical_Fusion/models/16000_E.pth
22-03-30 11:33:20.660 : <epoch:1079, iter:  16,200, lr:2.000e-04> G_loss: 1.882e+01 TV_loss: 0.000e+00 Gradient_loss: 2.364e+00 l1_loss: 7.372e-01 Constrast_loss: 1.572e+01 
22-03-30 11:34:33.528 : <epoch:1093, iter:  16,400, lr:2.000e-04> G_loss: 1.553e+01 TV_loss: 0.000e+00 Gradient_loss: 1.959e+00 l1_loss: 4.286e-01 Constrast_loss: 1.314e+01 
22-03-30 11:35:45.079 : <epoch:1106, iter:  16,600, lr:2.000e-04> G_loss: 1.749e+01 TV_loss: 0.000e+00 Gradient_loss: 2.618e+00 l1_loss: 6.339e-01 Constrast_loss: 1.424e+01 
22-03-30 11:36:55.287 : <epoch:1119, iter:  16,800, lr:2.000e-04> G_loss: 9.610e+00 TV_loss: 0.000e+00 Gradient_loss: 1.372e+00 l1_loss: 3.418e-01 Constrast_loss: 7.896e+00 
22-03-30 11:38:09.083 : <epoch:1133, iter:  17,000, lr:2.000e-04> G_loss: 1.511e+01 TV_loss: 0.000e+00 Gradient_loss: 1.985e+00 l1_loss: 4.978e-01 Constrast_loss: 1.262e+01 
22-03-30 11:38:09.084 : Saving the model. Save path is:Model/Medical_Fusion-CT-MRI/Medical_Fusion/models/17000_E.pth
22-03-30 11:39:28.827 : <epoch:1146, iter:  17,200, lr:2.000e-04> G_loss: 1.235e+01 TV_loss: 0.000e+00 Gradient_loss: 1.889e+00 l1_loss: 5.198e-01 Constrast_loss: 9.938e+00 
22-03-30 11:40:38.855 : <epoch:1159, iter:  17,400, lr:2.000e-04> G_loss: 1.880e+01 TV_loss: 0.000e+00 Gradient_loss: 3.104e+00 l1_loss: 5.551e-01 Constrast_loss: 1.514e+01 
22-03-30 11:41:51.138 : <epoch:1173, iter:  17,600, lr:2.000e-04> G_loss: 1.103e+01 TV_loss: 0.000e+00 Gradient_loss: 1.445e+00 l1_loss: 3.332e-01 Constrast_loss: 9.247e+00 
22-03-30 11:43:01.645 : <epoch:1186, iter:  17,800, lr:2.000e-04> G_loss: 1.304e+01 TV_loss: 0.000e+00 Gradient_loss: 2.370e+00 l1_loss: 4.173e-01 Constrast_loss: 1.025e+01 
22-03-30 11:44:11.995 : <epoch:1199, iter:  18,000, lr:2.000e-04> G_loss: 1.602e+01 TV_loss: 0.000e+00 Gradient_loss: 2.271e+00 l1_loss: 4.338e-01 Constrast_loss: 1.331e+01 
22-03-30 11:44:11.998 : Saving the model. Save path is:Model/Medical_Fusion-CT-MRI/Medical_Fusion/models/18000_E.pth
22-03-30 11:45:33.905 : <epoch:1213, iter:  18,200, lr:2.000e-04> G_loss: 1.867e+01 TV_loss: 0.000e+00 Gradient_loss: 2.541e+00 l1_loss: 6.541e-01 Constrast_loss: 1.548e+01 
22-03-30 11:46:44.344 : <epoch:1226, iter:  18,400, lr:2.000e-04> G_loss: 1.556e+01 TV_loss: 0.000e+00 Gradient_loss: 2.107e+00 l1_loss: 4.267e-01 Constrast_loss: 1.303e+01 
22-03-30 11:47:54.542 : <epoch:1239, iter:  18,600, lr:2.000e-04> G_loss: 1.806e+01 TV_loss: 0.000e+00 Gradient_loss: 2.390e+00 l1_loss: 6.967e-01 Constrast_loss: 1.497e+01 
22-03-30 11:49:07.599 : <epoch:1253, iter:  18,800, lr:2.000e-04> G_loss: 1.677e+01 TV_loss: 0.000e+00 Gradient_loss: 2.542e+00 l1_loss: 5.574e-01 Constrast_loss: 1.367e+01 
22-03-30 11:50:18.441 : <epoch:1266, iter:  19,000, lr:2.000e-04> G_loss: 1.778e+01 TV_loss: 0.000e+00 Gradient_loss: 2.775e+00 l1_loss: 6.260e-01 Constrast_loss: 1.437e+01 
22-03-30 11:50:18.444 : Saving the model. Save path is:Model/Medical_Fusion-CT-MRI/Medical_Fusion/models/19000_E.pth
22-03-30 11:51:37.453 : <epoch:1279, iter:  19,200, lr:2.000e-04> G_loss: 2.105e+01 TV_loss: 0.000e+00 Gradient_loss: 2.927e+00 l1_loss: 6.091e-01 Constrast_loss: 1.751e+01 
22-03-30 11:52:49.206 : <epoch:1293, iter:  19,400, lr:2.000e-04> G_loss: 1.602e+01 TV_loss: 0.000e+00 Gradient_loss: 2.128e+00 l1_loss: 5.207e-01 Constrast_loss: 1.337e+01 
22-03-30 11:54:01.564 : <epoch:1306, iter:  19,600, lr:2.000e-04> G_loss: 1.659e+01 TV_loss: 0.000e+00 Gradient_loss: 2.754e+00 l1_loss: 5.663e-01 Constrast_loss: 1.327e+01 
22-03-30 11:55:11.307 : <epoch:1319, iter:  19,800, lr:2.000e-04> G_loss: 2.021e+01 TV_loss: 0.000e+00 Gradient_loss: 2.194e+00 l1_loss: 4.307e-01 Constrast_loss: 1.758e+01 
22-03-30 11:56:22.988 : <epoch:1333, iter:  20,000, lr:2.000e-04> G_loss: 1.137e+01 TV_loss: 0.000e+00 Gradient_loss: 1.805e+00 l1_loss: 3.480e-01 Constrast_loss: 9.219e+00 
22-03-30 11:56:22.990 : Saving the model. Save path is:Model/Medical_Fusion-CT-MRI/Medical_Fusion/models/20000_E.pth
22-03-30 11:57:41.675 : <epoch:1346, iter:  20,200, lr:2.000e-04> G_loss: 1.483e+01 TV_loss: 0.000e+00 Gradient_loss: 2.214e+00 l1_loss: 5.351e-01 Constrast_loss: 1.209e+01 
22-03-30 11:58:51.114 : <epoch:1359, iter:  20,400, lr:2.000e-04> G_loss: 1.932e+01 TV_loss: 0.000e+00 Gradient_loss: 2.774e+00 l1_loss: 8.323e-01 Constrast_loss: 1.571e+01 
22-03-30 12:00:02.924 : <epoch:1373, iter:  20,600, lr:2.000e-04> G_loss: 1.430e+01 TV_loss: 0.000e+00 Gradient_loss: 1.494e+00 l1_loss: 3.459e-01 Constrast_loss: 1.247e+01 
22-03-30 12:01:12.976 : <epoch:1386, iter:  20,800, lr:2.000e-04> G_loss: 1.910e+01 TV_loss: 0.000e+00 Gradient_loss: 3.226e+00 l1_loss: 6.202e-01 Constrast_loss: 1.525e+01 
22-03-30 12:02:22.311 : <epoch:1399, iter:  21,000, lr:2.000e-04> G_loss: 2.107e+01 TV_loss: 0.000e+00 Gradient_loss: 2.198e+00 l1_loss: 6.130e-01 Constrast_loss: 1.826e+01 
22-03-30 12:02:22.315 : Saving the model. Save path is:Model/Medical_Fusion-CT-MRI/Medical_Fusion/models/21000_E.pth
22-03-30 12:03:43.342 : <epoch:1413, iter:  21,200, lr:2.000e-04> G_loss: 2.027e+01 TV_loss: 0.000e+00 Gradient_loss: 2.798e+00 l1_loss: 7.099e-01 Constrast_loss: 1.676e+01 
22-03-30 12:04:53.289 : <epoch:1426, iter:  21,400, lr:2.000e-04> G_loss: 1.597e+01 TV_loss: 0.000e+00 Gradient_loss: 2.624e+00 l1_loss: 5.192e-01 Constrast_loss: 1.283e+01 
22-03-30 12:06:02.787 : <epoch:1439, iter:  21,600, lr:2.000e-04> G_loss: 1.962e+01 TV_loss: 0.000e+00 Gradient_loss: 2.642e+00 l1_loss: 5.976e-01 Constrast_loss: 1.638e+01 
22-03-30 12:07:14.825 : <epoch:1453, iter:  21,800, lr:2.000e-04> G_loss: 2.048e+01 TV_loss: 0.000e+00 Gradient_loss: 2.849e+00 l1_loss: 5.510e-01 Constrast_loss: 1.708e+01 
22-03-30 12:08:24.619 : <epoch:1466, iter:  22,000, lr:2.000e-04> G_loss: 1.597e+01 TV_loss: 0.000e+00 Gradient_loss: 2.499e+00 l1_loss: 4.919e-01 Constrast_loss: 1.298e+01 
22-03-30 12:08:24.622 : Saving the model. Save path is:Model/Medical_Fusion-CT-MRI/Medical_Fusion/models/22000_E.pth
22-03-30 12:09:43.972 : <epoch:1479, iter:  22,200, lr:2.000e-04> G_loss: 1.480e+01 TV_loss: 0.000e+00 Gradient_loss: 1.987e+00 l1_loss: 5.524e-01 Constrast_loss: 1.226e+01 
22-03-30 12:10:55.401 : <epoch:1493, iter:  22,400, lr:2.000e-04> G_loss: 1.809e+01 TV_loss: 0.000e+00 Gradient_loss: 2.157e+00 l1_loss: 5.660e-01 Constrast_loss: 1.536e+01 
22-03-30 12:12:05.632 : <epoch:1506, iter:  22,600, lr:2.000e-04> G_loss: 1.404e+01 TV_loss: 0.000e+00 Gradient_loss: 2.314e+00 l1_loss: 5.072e-01 Constrast_loss: 1.122e+01 
22-03-30 12:13:16.488 : <epoch:1519, iter:  22,800, lr:2.000e-04> G_loss: 1.596e+01 TV_loss: 0.000e+00 Gradient_loss: 1.788e+00 l1_loss: 6.177e-01 Constrast_loss: 1.355e+01 
22-03-30 12:14:28.758 : <epoch:1533, iter:  23,000, lr:2.000e-04> G_loss: 1.533e+01 TV_loss: 0.000e+00 Gradient_loss: 1.690e+00 l1_loss: 2.659e-01 Constrast_loss: 1.337e+01 
22-03-30 12:14:28.761 : Saving the model. Save path is:Model/Medical_Fusion-CT-MRI/Medical_Fusion/models/23000_E.pth
22-03-30 12:15:47.020 : <epoch:1546, iter:  23,200, lr:2.000e-04> G_loss: 1.692e+01 TV_loss: 0.000e+00 Gradient_loss: 2.597e+00 l1_loss: 5.669e-01 Constrast_loss: 1.376e+01 
22-03-30 12:16:57.052 : <epoch:1559, iter:  23,400, lr:2.000e-04> G_loss: 1.688e+01 TV_loss: 0.000e+00 Gradient_loss: 2.106e+00 l1_loss: 4.303e-01 Constrast_loss: 1.434e+01 
22-03-30 12:18:09.564 : <epoch:1573, iter:  23,600, lr:2.000e-04> G_loss: 1.705e+01 TV_loss: 0.000e+00 Gradient_loss: 2.091e+00 l1_loss: 3.908e-01 Constrast_loss: 1.457e+01 
22-03-30 12:19:19.683 : <epoch:1586, iter:  23,800, lr:2.000e-04> G_loss: 1.084e+01 TV_loss: 0.000e+00 Gradient_loss: 1.676e+00 l1_loss: 3.221e-01 Constrast_loss: 8.842e+00 
22-03-30 12:20:29.935 : <epoch:1599, iter:  24,000, lr:2.000e-04> G_loss: 1.741e+01 TV_loss: 0.000e+00 Gradient_loss: 2.214e+00 l1_loss: 4.648e-01 Constrast_loss: 1.473e+01 
22-03-30 12:20:29.937 : Saving the model. Save path is:Model/Medical_Fusion-CT-MRI/Medical_Fusion/models/24000_E.pth
22-03-30 12:21:51.400 : <epoch:1613, iter:  24,200, lr:2.000e-04> G_loss: 1.319e+01 TV_loss: 0.000e+00 Gradient_loss: 1.621e+00 l1_loss: 2.914e-01 Constrast_loss: 1.128e+01 
22-03-30 12:23:01.632 : <epoch:1626, iter:  24,400, lr:2.000e-04> G_loss: 8.670e+00 TV_loss: 0.000e+00 Gradient_loss: 1.460e+00 l1_loss: 2.307e-01 Constrast_loss: 6.980e+00 
22-03-30 12:24:10.850 : <epoch:1639, iter:  24,600, lr:2.000e-04> G_loss: 1.506e+01 TV_loss: 0.000e+00 Gradient_loss: 2.330e+00 l1_loss: 4.528e-01 Constrast_loss: 1.227e+01 
22-03-30 12:25:23.749 : <epoch:1653, iter:  24,800, lr:2.000e-04> G_loss: 1.502e+01 TV_loss: 0.000e+00 Gradient_loss: 1.874e+00 l1_loss: 3.647e-01 Constrast_loss: 1.278e+01 
22-03-30 12:26:33.389 : <epoch:1666, iter:  25,000, lr:2.000e-04> G_loss: 1.826e+01 TV_loss: 0.000e+00 Gradient_loss: 2.793e+00 l1_loss: 6.193e-01 Constrast_loss: 1.485e+01 
22-03-30 12:26:33.392 : Saving the model. Save path is:Model/Medical_Fusion-CT-MRI/Medical_Fusion/models/25000_E.pth
22-03-30 12:27:51.565 : <epoch:1679, iter:  25,200, lr:2.000e-04> G_loss: 1.494e+01 TV_loss: 0.000e+00 Gradient_loss: 1.814e+00 l1_loss: 4.143e-01 Constrast_loss: 1.271e+01 
22-03-30 12:29:02.323 : <epoch:1693, iter:  25,400, lr:2.000e-04> G_loss: 1.697e+01 TV_loss: 0.000e+00 Gradient_loss: 2.080e+00 l1_loss: 4.371e-01 Constrast_loss: 1.445e+01 
22-03-30 12:30:12.439 : <epoch:1706, iter:  25,600, lr:2.000e-04> G_loss: 1.122e+01 TV_loss: 0.000e+00 Gradient_loss: 1.760e+00 l1_loss: 3.430e-01 Constrast_loss: 9.114e+00 
22-03-30 12:31:21.690 : <epoch:1719, iter:  25,800, lr:2.000e-04> G_loss: 1.992e+01 TV_loss: 0.000e+00 Gradient_loss: 2.730e+00 l1_loss: 6.508e-01 Constrast_loss: 1.654e+01 
22-03-30 12:32:34.106 : <epoch:1733, iter:  26,000, lr:2.000e-04> G_loss: 1.735e+01 TV_loss: 0.000e+00 Gradient_loss: 2.025e+00 l1_loss: 4.320e-01 Constrast_loss: 1.489e+01 
22-03-30 12:32:34.109 : Saving the model. Save path is:Model/Medical_Fusion-CT-MRI/Medical_Fusion/models/26000_E.pth
22-03-30 12:33:51.731 : <epoch:1746, iter:  26,200, lr:2.000e-04> G_loss: 1.494e+01 TV_loss: 0.000e+00 Gradient_loss: 2.096e+00 l1_loss: 4.636e-01 Constrast_loss: 1.238e+01 
22-03-30 12:35:01.154 : <epoch:1759, iter:  26,400, lr:2.000e-04> G_loss: 1.406e+01 TV_loss: 0.000e+00 Gradient_loss: 1.401e+00 l1_loss: 3.719e-01 Constrast_loss: 1.228e+01 
22-03-30 12:36:13.157 : <epoch:1773, iter:  26,600, lr:2.000e-04> G_loss: 1.744e+01 TV_loss: 0.000e+00 Gradient_loss: 2.358e+00 l1_loss: 5.128e-01 Constrast_loss: 1.457e+01 
22-03-30 12:37:23.235 : <epoch:1786, iter:  26,800, lr:2.000e-04> G_loss: 1.494e+01 TV_loss: 0.000e+00 Gradient_loss: 1.819e+00 l1_loss: 7.732e-01 Constrast_loss: 1.235e+01 
22-03-30 12:38:32.961 : <epoch:1799, iter:  27,000, lr:2.000e-04> G_loss: 1.845e+01 TV_loss: 0.000e+00 Gradient_loss: 2.637e+00 l1_loss: 6.128e-01 Constrast_loss: 1.520e+01 
22-03-30 12:38:32.965 : Saving the model. Save path is:Model/Medical_Fusion-CT-MRI/Medical_Fusion/models/27000_E.pth
22-03-30 12:39:52.491 : <epoch:1813, iter:  27,200, lr:2.000e-04> G_loss: 1.955e+01 TV_loss: 0.000e+00 Gradient_loss: 2.201e+00 l1_loss: 5.212e-01 Constrast_loss: 1.683e+01 
22-03-30 12:41:02.116 : <epoch:1826, iter:  27,400, lr:2.000e-04> G_loss: 1.796e+01 TV_loss: 0.000e+00 Gradient_loss: 2.695e+00 l1_loss: 6.761e-01 Constrast_loss: 1.459e+01 
22-03-30 12:42:12.515 : <epoch:1839, iter:  27,600, lr:2.000e-04> G_loss: 1.767e+01 TV_loss: 0.000e+00 Gradient_loss: 2.031e+00 l1_loss: 5.070e-01 Constrast_loss: 1.513e+01 
22-03-30 12:43:24.678 : <epoch:1853, iter:  27,800, lr:2.000e-04> G_loss: 1.292e+01 TV_loss: 0.000e+00 Gradient_loss: 1.518e+00 l1_loss: 2.339e-01 Constrast_loss: 1.117e+01 
22-03-30 12:44:34.293 : <epoch:1866, iter:  28,000, lr:2.000e-04> G_loss: 1.204e+01 TV_loss: 0.000e+00 Gradient_loss: 2.132e+00 l1_loss: 3.168e-01 Constrast_loss: 9.591e+00 
22-03-30 12:44:34.295 : Saving the model. Save path is:Model/Medical_Fusion-CT-MRI/Medical_Fusion/models/28000_E.pth
22-03-30 12:45:52.332 : <epoch:1879, iter:  28,200, lr:2.000e-04> G_loss: 1.778e+01 TV_loss: 0.000e+00 Gradient_loss: 2.389e+00 l1_loss: 4.219e-01 Constrast_loss: 1.497e+01 
22-03-30 12:47:04.655 : <epoch:1893, iter:  28,400, lr:2.000e-04> G_loss: 1.493e+01 TV_loss: 0.000e+00 Gradient_loss: 1.623e+00 l1_loss: 3.842e-01 Constrast_loss: 1.292e+01 
22-03-30 12:48:14.954 : <epoch:1906, iter:  28,600, lr:2.000e-04> G_loss: 1.654e+01 TV_loss: 0.000e+00 Gradient_loss: 2.455e+00 l1_loss: 4.950e-01 Constrast_loss: 1.359e+01 
22-03-30 12:49:25.235 : <epoch:1919, iter:  28,800, lr:2.000e-04> G_loss: 1.810e+01 TV_loss: 0.000e+00 Gradient_loss: 1.920e+00 l1_loss: 5.756e-01 Constrast_loss: 1.561e+01 
22-03-30 12:50:36.933 : <epoch:1933, iter:  29,000, lr:2.000e-04> G_loss: 1.697e+01 TV_loss: 0.000e+00 Gradient_loss: 2.310e+00 l1_loss: 4.568e-01 Constrast_loss: 1.421e+01 
22-03-30 12:50:36.936 : Saving the model. Save path is:Model/Medical_Fusion-CT-MRI/Medical_Fusion/models/29000_E.pth
22-03-30 12:51:56.071 : <epoch:1946, iter:  29,200, lr:2.000e-04> G_loss: 1.652e+01 TV_loss: 0.000e+00 Gradient_loss: 2.318e+00 l1_loss: 5.935e-01 Constrast_loss: 1.361e+01 
22-03-30 12:53:07.179 : <epoch:1959, iter:  29,400, lr:2.000e-04> G_loss: 1.361e+01 TV_loss: 0.000e+00 Gradient_loss: 1.386e+00 l1_loss: 2.871e-01 Constrast_loss: 1.194e+01 
22-03-30 12:54:18.815 : <epoch:1973, iter:  29,600, lr:2.000e-04> G_loss: 1.528e+01 TV_loss: 0.000e+00 Gradient_loss: 2.012e+00 l1_loss: 5.096e-01 Constrast_loss: 1.276e+01 
22-03-30 12:55:28.066 : <epoch:1986, iter:  29,800, lr:2.000e-04> G_loss: 1.329e+01 TV_loss: 0.000e+00 Gradient_loss: 2.233e+00 l1_loss: 4.504e-01 Constrast_loss: 1.060e+01 
22-03-30 12:56:38.534 : <epoch:1999, iter:  30,000, lr:2.000e-04> G_loss: 1.660e+01 TV_loss: 0.000e+00 Gradient_loss: 2.265e+00 l1_loss: 5.072e-01 Constrast_loss: 1.383e+01 
22-03-30 12:56:38.537 : Saving the model. Save path is:Model/Medical_Fusion-CT-MRI/Medical_Fusion/models/30000_E.pth
22-03-30 12:57:59.201 : <epoch:2013, iter:  30,200, lr:2.000e-04> G_loss: 1.812e+01 TV_loss: 0.000e+00 Gradient_loss: 2.508e+00 l1_loss: 4.378e-01 Constrast_loss: 1.517e+01 
22-03-30 12:59:09.816 : <epoch:2026, iter:  30,400, lr:2.000e-04> G_loss: 1.536e+01 TV_loss: 0.000e+00 Gradient_loss: 2.414e+00 l1_loss: 4.484e-01 Constrast_loss: 1.250e+01 
22-03-30 13:00:20.720 : <epoch:2039, iter:  30,600, lr:2.000e-04> G_loss: 1.775e+01 TV_loss: 0.000e+00 Gradient_loss: 2.120e+00 l1_loss: 5.425e-01 Constrast_loss: 1.509e+01 
22-03-30 13:01:32.920 : <epoch:2053, iter:  30,800, lr:2.000e-04> G_loss: 1.138e+01 TV_loss: 0.000e+00 Gradient_loss: 1.660e+00 l1_loss: 2.959e-01 Constrast_loss: 9.425e+00 
22-03-30 13:02:43.846 : <epoch:2066, iter:  31,000, lr:2.000e-04> G_loss: 1.639e+01 TV_loss: 0.000e+00 Gradient_loss: 2.497e+00 l1_loss: 5.965e-01 Constrast_loss: 1.329e+01 
22-03-30 13:02:43.847 : Saving the model. Save path is:Model/Medical_Fusion-CT-MRI/Medical_Fusion/models/31000_E.pth
22-03-30 13:04:03.477 : <epoch:2079, iter:  31,200, lr:2.000e-04> G_loss: 1.378e+01 TV_loss: 0.000e+00 Gradient_loss: 1.867e+00 l1_loss: 4.265e-01 Constrast_loss: 1.149e+01 
22-03-30 13:05:15.476 : <epoch:2093, iter:  31,400, lr:2.000e-04> G_loss: 1.881e+01 TV_loss: 0.000e+00 Gradient_loss: 2.576e+00 l1_loss: 5.413e-01 Constrast_loss: 1.569e+01 
22-03-30 13:06:25.625 : <epoch:2106, iter:  31,600, lr:2.000e-04> G_loss: 2.062e+01 TV_loss: 0.000e+00 Gradient_loss: 3.258e+00 l1_loss: 7.252e-01 Constrast_loss: 1.664e+01 
22-03-30 13:07:35.167 : <epoch:2119, iter:  31,800, lr:2.000e-04> G_loss: 1.692e+01 TV_loss: 0.000e+00 Gradient_loss: 1.992e+00 l1_loss: 7.100e-01 Constrast_loss: 1.422e+01 
22-03-30 13:08:46.970 : <epoch:2133, iter:  32,000, lr:2.000e-04> G_loss: 1.387e+01 TV_loss: 0.000e+00 Gradient_loss: 1.302e+00 l1_loss: 2.026e-01 Constrast_loss: 1.237e+01 
22-03-30 13:08:46.973 : Saving the model. Save path is:Model/Medical_Fusion-CT-MRI/Medical_Fusion/models/32000_E.pth
22-03-30 13:10:05.702 : <epoch:2146, iter:  32,200, lr:2.000e-04> G_loss: 1.625e+01 TV_loss: 0.000e+00 Gradient_loss: 2.664e+00 l1_loss: 4.872e-01 Constrast_loss: 1.310e+01 
22-03-30 13:11:16.363 : <epoch:2159, iter:  32,400, lr:2.000e-04> G_loss: 1.352e+01 TV_loss: 0.000e+00 Gradient_loss: 1.755e+00 l1_loss: 3.942e-01 Constrast_loss: 1.137e+01 
22-03-30 13:12:28.735 : <epoch:2173, iter:  32,600, lr:2.000e-04> G_loss: 1.393e+01 TV_loss: 0.000e+00 Gradient_loss: 1.844e+00 l1_loss: 4.764e-01 Constrast_loss: 1.161e+01 
22-03-30 13:13:39.477 : <epoch:2186, iter:  32,800, lr:2.000e-04> G_loss: 1.483e+01 TV_loss: 0.000e+00 Gradient_loss: 1.818e+00 l1_loss: 6.072e-01 Constrast_loss: 1.240e+01 
22-03-30 13:14:48.862 : <epoch:2199, iter:  33,000, lr:2.000e-04> G_loss: 1.293e+01 TV_loss: 0.000e+00 Gradient_loss: 1.829e+00 l1_loss: 4.738e-01 Constrast_loss: 1.063e+01 
22-03-30 13:14:48.864 : Saving the model. Save path is:Model/Medical_Fusion-CT-MRI/Medical_Fusion/models/33000_E.pth
22-03-30 13:16:09.438 : <epoch:2213, iter:  33,200, lr:2.000e-04> G_loss: 1.425e+01 TV_loss: 0.000e+00 Gradient_loss: 1.713e+00 l1_loss: 3.076e-01 Constrast_loss: 1.223e+01 
22-03-30 13:17:19.900 : <epoch:2226, iter:  33,400, lr:2.000e-04> G_loss: 1.474e+01 TV_loss: 0.000e+00 Gradient_loss: 2.306e+00 l1_loss: 4.874e-01 Constrast_loss: 1.195e+01 
22-03-30 13:18:30.892 : <epoch:2239, iter:  33,600, lr:2.000e-04> G_loss: 1.156e+01 TV_loss: 0.000e+00 Gradient_loss: 1.272e+00 l1_loss: 3.484e-01 Constrast_loss: 9.939e+00 
22-03-30 13:19:43.251 : <epoch:2253, iter:  33,800, lr:2.000e-04> G_loss: 1.542e+01 TV_loss: 0.000e+00 Gradient_loss: 1.999e+00 l1_loss: 3.491e-01 Constrast_loss: 1.307e+01 
22-03-30 13:20:53.609 : <epoch:2266, iter:  34,000, lr:2.000e-04> G_loss: 1.004e+01 TV_loss: 0.000e+00 Gradient_loss: 1.713e+00 l1_loss: 3.023e-01 Constrast_loss: 8.026e+00 
22-03-30 13:20:53.610 : Saving the model. Save path is:Model/Medical_Fusion-CT-MRI/Medical_Fusion/models/34000_E.pth
22-03-30 13:22:12.060 : <epoch:2279, iter:  34,200, lr:2.000e-04> G_loss: 1.618e+01 TV_loss: 0.000e+00 Gradient_loss: 1.919e+00 l1_loss: 6.159e-01 Constrast_loss: 1.364e+01 
22-03-30 13:23:23.753 : <epoch:2293, iter:  34,400, lr:2.000e-04> G_loss: 1.990e+01 TV_loss: 0.000e+00 Gradient_loss: 2.650e+00 l1_loss: 5.859e-01 Constrast_loss: 1.666e+01 
22-03-30 13:24:33.764 : <epoch:2306, iter:  34,600, lr:2.000e-04> G_loss: 1.974e+01 TV_loss: 0.000e+00 Gradient_loss: 3.350e+00 l1_loss: 6.809e-01 Constrast_loss: 1.571e+01 
22-03-30 13:25:42.944 : <epoch:2319, iter:  34,800, lr:2.000e-04> G_loss: 1.110e+01 TV_loss: 0.000e+00 Gradient_loss: 1.369e+00 l1_loss: 4.675e-01 Constrast_loss: 9.268e+00 
22-03-30 13:26:54.399 : <epoch:2333, iter:  35,000, lr:2.000e-04> G_loss: 1.209e+01 TV_loss: 0.000e+00 Gradient_loss: 1.202e+00 l1_loss: 2.833e-01 Constrast_loss: 1.060e+01 
22-03-30 13:26:54.402 : Saving the model. Save path is:Model/Medical_Fusion-CT-MRI/Medical_Fusion/models/35000_E.pth
22-03-30 13:28:13.677 : <epoch:2346, iter:  35,200, lr:2.000e-04> G_loss: 1.018e+01 TV_loss: 0.000e+00 Gradient_loss: 1.735e+00 l1_loss: 3.620e-01 Constrast_loss: 8.086e+00 
22-03-30 13:29:24.504 : <epoch:2359, iter:  35,400, lr:2.000e-04> G_loss: 1.843e+01 TV_loss: 0.000e+00 Gradient_loss: 1.987e+00 l1_loss: 7.008e-01 Constrast_loss: 1.574e+01 
22-03-30 13:30:36.551 : <epoch:2373, iter:  35,600, lr:2.000e-04> G_loss: 1.605e+01 TV_loss: 0.000e+00 Gradient_loss: 1.918e+00 l1_loss: 4.623e-01 Constrast_loss: 1.367e+01 
22-03-30 13:31:46.359 : <epoch:2386, iter:  35,800, lr:2.000e-04> G_loss: 1.441e+01 TV_loss: 0.000e+00 Gradient_loss: 2.247e+00 l1_loss: 3.603e-01 Constrast_loss: 1.180e+01 
22-03-30 13:32:56.934 : <epoch:2399, iter:  36,000, lr:2.000e-04> G_loss: 1.443e+01 TV_loss: 0.000e+00 Gradient_loss: 1.851e+00 l1_loss: 4.684e-01 Constrast_loss: 1.211e+01 
22-03-30 13:32:56.937 : Saving the model. Save path is:Model/Medical_Fusion-CT-MRI/Medical_Fusion/models/36000_E.pth
22-03-30 13:34:18.698 : <epoch:2413, iter:  36,200, lr:2.000e-04> G_loss: 1.450e+01 TV_loss: 0.000e+00 Gradient_loss: 1.923e+00 l1_loss: 3.277e-01 Constrast_loss: 1.225e+01 
22-03-30 13:35:27.818 : <epoch:2426, iter:  36,400, lr:2.000e-04> G_loss: 1.618e+01 TV_loss: 0.000e+00 Gradient_loss: 2.364e+00 l1_loss: 6.042e-01 Constrast_loss: 1.321e+01 
22-03-30 13:36:37.504 : <epoch:2439, iter:  36,600, lr:2.000e-04> G_loss: 1.090e+01 TV_loss: 0.000e+00 Gradient_loss: 1.405e+00 l1_loss: 3.273e-01 Constrast_loss: 9.172e+00 
22-03-30 13:37:50.795 : <epoch:2453, iter:  36,800, lr:2.000e-04> G_loss: 2.252e+01 TV_loss: 0.000e+00 Gradient_loss: 2.960e+00 l1_loss: 6.358e-01 Constrast_loss: 1.893e+01 
22-03-30 13:39:01.152 : <epoch:2466, iter:  37,000, lr:2.000e-04> G_loss: 1.574e+01 TV_loss: 0.000e+00 Gradient_loss: 2.074e+00 l1_loss: 5.657e-01 Constrast_loss: 1.310e+01 
22-03-30 13:39:01.156 : Saving the model. Save path is:Model/Medical_Fusion-CT-MRI/Medical_Fusion/models/37000_E.pth
22-03-30 13:40:21.245 : <epoch:2479, iter:  37,200, lr:2.000e-04> G_loss: 1.639e+01 TV_loss: 0.000e+00 Gradient_loss: 1.903e+00 l1_loss: 6.644e-01 Constrast_loss: 1.383e+01 
22-03-30 13:41:32.965 : <epoch:2493, iter:  37,400, lr:2.000e-04> G_loss: 1.573e+01 TV_loss: 0.000e+00 Gradient_loss: 1.833e+00 l1_loss: 5.105e-01 Constrast_loss: 1.339e+01 
22-03-30 13:42:42.397 : <epoch:2506, iter:  37,600, lr:2.000e-04> G_loss: 1.297e+01 TV_loss: 0.000e+00 Gradient_loss: 1.789e+00 l1_loss: 4.271e-01 Constrast_loss: 1.075e+01 
22-03-30 13:43:53.310 : <epoch:2519, iter:  37,800, lr:2.000e-04> G_loss: 1.930e+01 TV_loss: 0.000e+00 Gradient_loss: 2.792e+00 l1_loss: 6.356e-01 Constrast_loss: 1.587e+01 
22-03-30 13:45:06.224 : <epoch:2533, iter:  38,000, lr:2.000e-04> G_loss: 1.386e+01 TV_loss: 0.000e+00 Gradient_loss: 1.885e+00 l1_loss: 4.072e-01 Constrast_loss: 1.157e+01 
22-03-30 13:45:06.227 : Saving the model. Save path is:Model/Medical_Fusion-CT-MRI/Medical_Fusion/models/38000_E.pth
22-03-30 13:46:26.375 : <epoch:2546, iter:  38,200, lr:2.000e-04> G_loss: 1.672e+01 TV_loss: 0.000e+00 Gradient_loss: 2.261e+00 l1_loss: 7.979e-01 Constrast_loss: 1.366e+01 
22-03-30 13:47:36.711 : <epoch:2559, iter:  38,400, lr:2.000e-04> G_loss: 2.008e+01 TV_loss: 0.000e+00 Gradient_loss: 2.536e+00 l1_loss: 5.193e-01 Constrast_loss: 1.703e+01 
22-03-30 13:48:49.656 : <epoch:2573, iter:  38,600, lr:2.000e-04> G_loss: 1.466e+01 TV_loss: 0.000e+00 Gradient_loss: 1.581e+00 l1_loss: 2.876e-01 Constrast_loss: 1.280e+01 
22-03-30 13:49:59.232 : <epoch:2586, iter:  38,800, lr:2.000e-04> G_loss: 1.347e+01 TV_loss: 0.000e+00 Gradient_loss: 1.786e+00 l1_loss: 4.117e-01 Constrast_loss: 1.127e+01 
22-03-30 13:51:09.932 : <epoch:2599, iter:  39,000, lr:2.000e-04> G_loss: 1.722e+01 TV_loss: 0.000e+00 Gradient_loss: 2.193e+00 l1_loss: 6.951e-01 Constrast_loss: 1.433e+01 
22-03-30 13:51:09.935 : Saving the model. Save path is:Model/Medical_Fusion-CT-MRI/Medical_Fusion/models/39000_E.pth
22-03-30 13:52:30.250 : <epoch:2613, iter:  39,200, lr:2.000e-04> G_loss: 1.514e+01 TV_loss: 0.000e+00 Gradient_loss: 1.981e+00 l1_loss: 3.681e-01 Constrast_loss: 1.279e+01 
22-03-30 13:53:40.331 : <epoch:2626, iter:  39,400, lr:2.000e-04> G_loss: 1.692e+01 TV_loss: 0.000e+00 Gradient_loss: 2.219e+00 l1_loss: 5.919e-01 Constrast_loss: 1.411e+01 
22-03-30 13:54:50.000 : <epoch:2639, iter:  39,600, lr:2.000e-04> G_loss: 2.154e+01 TV_loss: 0.000e+00 Gradient_loss: 2.152e+00 l1_loss: 5.485e-01 Constrast_loss: 1.884e+01 
22-03-30 13:56:02.278 : <epoch:2653, iter:  39,800, lr:2.000e-04> G_loss: 1.959e+01 TV_loss: 0.000e+00 Gradient_loss: 2.422e+00 l1_loss: 6.828e-01 Constrast_loss: 1.648e+01 
22-03-30 13:57:12.291 : <epoch:2666, iter:  40,000, lr:2.000e-04> G_loss: 1.540e+01 TV_loss: 0.000e+00 Gradient_loss: 2.296e+00 l1_loss: 6.364e-01 Constrast_loss: 1.247e+01 
22-03-30 13:57:12.294 : Saving the model. Save path is:Model/Medical_Fusion-CT-MRI/Medical_Fusion/models/40000_E.pth
22-03-30 13:58:31.836 : <epoch:2679, iter:  40,200, lr:2.000e-04> G_loss: 1.896e+01 TV_loss: 0.000e+00 Gradient_loss: 1.876e+00 l1_loss: 5.717e-01 Constrast_loss: 1.652e+01 
22-03-30 13:59:44.355 : <epoch:2693, iter:  40,400, lr:2.000e-04> G_loss: 1.770e+01 TV_loss: 0.000e+00 Gradient_loss: 2.208e+00 l1_loss: 6.506e-01 Constrast_loss: 1.484e+01 
22-03-30 14:00:54.695 : <epoch:2706, iter:  40,600, lr:2.000e-04> G_loss: 1.411e+01 TV_loss: 0.000e+00 Gradient_loss: 1.757e+00 l1_loss: 4.018e-01 Constrast_loss: 1.195e+01 
22-03-30 14:02:04.067 : <epoch:2719, iter:  40,800, lr:2.000e-04> G_loss: 1.201e+01 TV_loss: 0.000e+00 Gradient_loss: 1.557e+00 l1_loss: 4.854e-01 Constrast_loss: 9.966e+00 
22-03-30 14:03:16.572 : <epoch:2733, iter:  41,000, lr:2.000e-04> G_loss: 1.464e+01 TV_loss: 0.000e+00 Gradient_loss: 1.502e+00 l1_loss: 4.742e-01 Constrast_loss: 1.266e+01 
22-03-30 14:03:16.574 : Saving the model. Save path is:Model/Medical_Fusion-CT-MRI/Medical_Fusion/models/41000_E.pth
22-03-30 14:04:34.914 : <epoch:2746, iter:  41,200, lr:2.000e-04> G_loss: 1.481e+01 TV_loss: 0.000e+00 Gradient_loss: 1.976e+00 l1_loss: 6.738e-01 Constrast_loss: 1.216e+01 
22-03-30 14:05:44.775 : <epoch:2759, iter:  41,400, lr:2.000e-04> G_loss: 1.875e+01 TV_loss: 0.000e+00 Gradient_loss: 2.605e+00 l1_loss: 8.367e-01 Constrast_loss: 1.531e+01 
22-03-30 14:06:56.835 : <epoch:2773, iter:  41,600, lr:2.000e-04> G_loss: 1.099e+01 TV_loss: 0.000e+00 Gradient_loss: 1.207e+00 l1_loss: 2.104e-01 Constrast_loss: 9.578e+00 
22-03-30 14:08:07.412 : <epoch:2786, iter:  41,800, lr:2.000e-04> G_loss: 1.294e+01 TV_loss: 0.000e+00 Gradient_loss: 1.929e+00 l1_loss: 3.964e-01 Constrast_loss: 1.062e+01 
22-03-30 14:09:17.474 : <epoch:2799, iter:  42,000, lr:2.000e-04> G_loss: 1.822e+01 TV_loss: 0.000e+00 Gradient_loss: 2.526e+00 l1_loss: 5.645e-01 Constrast_loss: 1.513e+01 
22-03-30 14:09:17.479 : Saving the model. Save path is:Model/Medical_Fusion-CT-MRI/Medical_Fusion/models/42000_E.pth
22-03-30 14:10:36.853 : <epoch:2813, iter:  42,200, lr:2.000e-04> G_loss: 2.126e+01 TV_loss: 0.000e+00 Gradient_loss: 2.741e+00 l1_loss: 5.775e-01 Constrast_loss: 1.794e+01 
22-03-30 14:11:48.205 : <epoch:2826, iter:  42,400, lr:2.000e-04> G_loss: 1.975e+01 TV_loss: 0.000e+00 Gradient_loss: 3.095e+00 l1_loss: 6.272e-01 Constrast_loss: 1.602e+01 
22-03-30 14:12:57.833 : <epoch:2839, iter:  42,600, lr:2.000e-04> G_loss: 1.692e+01 TV_loss: 0.000e+00 Gradient_loss: 2.139e+00 l1_loss: 5.547e-01 Constrast_loss: 1.423e+01 
22-03-30 14:14:09.570 : <epoch:2853, iter:  42,800, lr:2.000e-04> G_loss: 1.664e+01 TV_loss: 0.000e+00 Gradient_loss: 1.924e+00 l1_loss: 3.577e-01 Constrast_loss: 1.436e+01 
22-03-30 14:15:18.906 : <epoch:2866, iter:  43,000, lr:2.000e-04> G_loss: 1.587e+01 TV_loss: 0.000e+00 Gradient_loss: 2.437e+00 l1_loss: 6.248e-01 Constrast_loss: 1.281e+01 
22-03-30 14:15:18.909 : Saving the model. Save path is:Model/Medical_Fusion-CT-MRI/Medical_Fusion/models/43000_E.pth
22-03-30 14:16:36.437 : <epoch:2879, iter:  43,200, lr:2.000e-04> G_loss: 1.911e+01 TV_loss: 0.000e+00 Gradient_loss: 2.191e+00 l1_loss: 7.689e-01 Constrast_loss: 1.615e+01 
22-03-30 14:17:48.707 : <epoch:2893, iter:  43,400, lr:2.000e-04> G_loss: 1.762e+01 TV_loss: 0.000e+00 Gradient_loss: 1.942e+00 l1_loss: 6.326e-01 Constrast_loss: 1.505e+01 
22-03-30 14:18:58.881 : <epoch:2906, iter:  43,600, lr:2.000e-04> G_loss: 1.566e+01 TV_loss: 0.000e+00 Gradient_loss: 2.318e+00 l1_loss: 4.958e-01 Constrast_loss: 1.285e+01 
22-03-30 14:20:07.903 : <epoch:2919, iter:  43,800, lr:2.000e-04> G_loss: 1.107e+01 TV_loss: 0.000e+00 Gradient_loss: 9.011e-01 l1_loss: 2.520e-01 Constrast_loss: 9.918e+00 
22-03-30 14:21:19.528 : <epoch:2933, iter:  44,000, lr:2.000e-04> G_loss: 1.921e+01 TV_loss: 0.000e+00 Gradient_loss: 2.214e+00 l1_loss: 4.879e-01 Constrast_loss: 1.651e+01 
22-03-30 14:21:19.530 : Saving the model. Save path is:Model/Medical_Fusion-CT-MRI/Medical_Fusion/models/44000_E.pth
22-03-30 14:22:37.718 : <epoch:2946, iter:  44,200, lr:2.000e-04> G_loss: 1.131e+01 TV_loss: 0.000e+00 Gradient_loss: 1.847e+00 l1_loss: 4.178e-01 Constrast_loss: 9.042e+00 
22-03-30 14:23:47.104 : <epoch:2959, iter:  44,400, lr:2.000e-04> G_loss: 1.139e+01 TV_loss: 0.000e+00 Gradient_loss: 1.491e+00 l1_loss: 4.660e-01 Constrast_loss: 9.433e+00 
22-03-30 14:24:59.053 : <epoch:2973, iter:  44,600, lr:2.000e-04> G_loss: 1.616e+01 TV_loss: 0.000e+00 Gradient_loss: 2.043e+00 l1_loss: 4.551e-01 Constrast_loss: 1.366e+01 
22-03-30 14:26:09.150 : <epoch:2986, iter:  44,800, lr:2.000e-04> G_loss: 1.457e+01 TV_loss: 0.000e+00 Gradient_loss: 2.325e+00 l1_loss: 3.066e-01 Constrast_loss: 1.194e+01 
22-03-30 14:27:19.499 : <epoch:2999, iter:  45,000, lr:2.000e-04> G_loss: 1.516e+01 TV_loss: 0.000e+00 Gradient_loss: 1.474e+00 l1_loss: 4.961e-01 Constrast_loss: 1.319e+01 
22-03-30 14:27:19.500 : Saving the model. Save path is:Model/Medical_Fusion-CT-MRI/Medical_Fusion/models/45000_E.pth
22-03-30 14:28:40.260 : <epoch:3013, iter:  45,200, lr:2.000e-04> G_loss: 1.123e+01 TV_loss: 0.000e+00 Gradient_loss: 1.067e+00 l1_loss: 2.626e-01 Constrast_loss: 9.899e+00 
22-03-30 14:29:50.926 : <epoch:3026, iter:  45,400, lr:2.000e-04> G_loss: 1.330e+01 TV_loss: 0.000e+00 Gradient_loss: 2.140e+00 l1_loss: 4.300e-01 Constrast_loss: 1.073e+01 
22-03-30 14:31:01.042 : <epoch:3039, iter:  45,600, lr:2.000e-04> G_loss: 1.958e+01 TV_loss: 0.000e+00 Gradient_loss: 2.275e+00 l1_loss: 6.081e-01 Constrast_loss: 1.669e+01 
22-03-30 14:32:12.498 : <epoch:3053, iter:  45,800, lr:2.000e-04> G_loss: 1.472e+01 TV_loss: 0.000e+00 Gradient_loss: 1.708e+00 l1_loss: 5.253e-01 Constrast_loss: 1.249e+01 
22-03-30 14:33:23.506 : <epoch:3066, iter:  46,000, lr:2.000e-04> G_loss: 1.812e+01 TV_loss: 0.000e+00 Gradient_loss: 2.275e+00 l1_loss: 4.627e-01 Constrast_loss: 1.538e+01 
22-03-30 14:33:23.510 : Saving the model. Save path is:Model/Medical_Fusion-CT-MRI/Medical_Fusion/models/46000_E.pth
22-03-30 14:34:42.386 : <epoch:3079, iter:  46,200, lr:2.000e-04> G_loss: 1.333e+01 TV_loss: 0.000e+00 Gradient_loss: 1.612e+00 l1_loss: 4.194e-01 Constrast_loss: 1.130e+01 
22-03-30 14:35:53.794 : <epoch:3093, iter:  46,400, lr:2.000e-04> G_loss: 9.201e+00 TV_loss: 0.000e+00 Gradient_loss: 1.075e+00 l1_loss: 2.839e-01 Constrast_loss: 7.842e+00 
22-03-30 14:37:04.542 : <epoch:3106, iter:  46,600, lr:2.000e-04> G_loss: 1.402e+01 TV_loss: 0.000e+00 Gradient_loss: 1.815e+00 l1_loss: 4.883e-01 Constrast_loss: 1.172e+01 
22-03-30 14:38:14.770 : <epoch:3119, iter:  46,800, lr:2.000e-04> G_loss: 1.111e+01 TV_loss: 0.000e+00 Gradient_loss: 1.232e+00 l1_loss: 3.646e-01 Constrast_loss: 9.517e+00 
22-03-30 14:39:27.688 : <epoch:3133, iter:  47,000, lr:2.000e-04> G_loss: 2.273e+01 TV_loss: 0.000e+00 Gradient_loss: 2.988e+00 l1_loss: 5.339e-01 Constrast_loss: 1.920e+01 
22-03-30 14:39:27.692 : Saving the model. Save path is:Model/Medical_Fusion-CT-MRI/Medical_Fusion/models/47000_E.pth
22-03-30 14:40:45.395 : <epoch:3146, iter:  47,200, lr:2.000e-04> G_loss: 1.581e+01 TV_loss: 0.000e+00 Gradient_loss: 1.999e+00 l1_loss: 5.487e-01 Constrast_loss: 1.327e+01 
22-03-30 14:41:55.228 : <epoch:3159, iter:  47,400, lr:2.000e-04> G_loss: 1.805e+01 TV_loss: 0.000e+00 Gradient_loss: 2.415e+00 l1_loss: 5.345e-01 Constrast_loss: 1.510e+01 
22-03-30 14:43:07.736 : <epoch:3173, iter:  47,600, lr:2.000e-04> G_loss: 1.586e+01 TV_loss: 0.000e+00 Gradient_loss: 2.013e+00 l1_loss: 4.484e-01 Constrast_loss: 1.339e+01 
22-03-30 14:44:19.077 : <epoch:3186, iter:  47,800, lr:2.000e-04> G_loss: 1.524e+01 TV_loss: 0.000e+00 Gradient_loss: 2.212e+00 l1_loss: 5.693e-01 Constrast_loss: 1.246e+01 
22-03-30 14:45:28.330 : <epoch:3199, iter:  48,000, lr:2.000e-04> G_loss: 1.309e+01 TV_loss: 0.000e+00 Gradient_loss: 1.352e+00 l1_loss: 4.277e-01 Constrast_loss: 1.131e+01 
22-03-30 14:45:28.332 : Saving the model. Save path is:Model/Medical_Fusion-CT-MRI/Medical_Fusion/models/48000_E.pth
22-03-30 14:46:48.431 : <epoch:3213, iter:  48,200, lr:2.000e-04> G_loss: 1.335e+01 TV_loss: 0.000e+00 Gradient_loss: 1.575e+00 l1_loss: 4.002e-01 Constrast_loss: 1.137e+01 
22-03-30 14:47:57.694 : <epoch:3226, iter:  48,400, lr:2.000e-04> G_loss: 1.866e+01 TV_loss: 0.000e+00 Gradient_loss: 2.217e+00 l1_loss: 6.621e-01 Constrast_loss: 1.578e+01 
22-03-30 14:49:06.878 : <epoch:3239, iter:  48,600, lr:2.000e-04> G_loss: 1.765e+01 TV_loss: 0.000e+00 Gradient_loss: 2.177e+00 l1_loss: 5.224e-01 Constrast_loss: 1.496e+01 
22-03-30 14:50:17.270 : <epoch:3253, iter:  48,800, lr:2.000e-04> G_loss: 1.721e+01 TV_loss: 0.000e+00 Gradient_loss: 1.823e+00 l1_loss: 5.312e-01 Constrast_loss: 1.485e+01 
22-03-30 14:51:27.019 : <epoch:3266, iter:  49,000, lr:2.000e-04> G_loss: 1.703e+01 TV_loss: 0.000e+00 Gradient_loss: 2.379e+00 l1_loss: 6.201e-01 Constrast_loss: 1.403e+01 
22-03-30 14:51:27.022 : Saving the model. Save path is:Model/Medical_Fusion-CT-MRI/Medical_Fusion/models/49000_E.pth
22-03-30 14:52:45.226 : <epoch:3279, iter:  49,200, lr:2.000e-04> G_loss: 1.012e+01 TV_loss: 0.000e+00 Gradient_loss: 1.326e+00 l1_loss: 2.566e-01 Constrast_loss: 8.538e+00 
22-03-30 14:53:56.487 : <epoch:3293, iter:  49,400, lr:2.000e-04> G_loss: 9.584e+00 TV_loss: 0.000e+00 Gradient_loss: 1.205e+00 l1_loss: 2.235e-01 Constrast_loss: 8.156e+00 
22-03-30 14:55:06.856 : <epoch:3306, iter:  49,600, lr:2.000e-04> G_loss: 1.478e+01 TV_loss: 0.000e+00 Gradient_loss: 2.036e+00 l1_loss: 5.039e-01 Constrast_loss: 1.224e+01 
22-03-30 14:56:17.281 : <epoch:3319, iter:  49,800, lr:2.000e-04> G_loss: 1.978e+01 TV_loss: 0.000e+00 Gradient_loss: 2.606e+00 l1_loss: 5.070e-01 Constrast_loss: 1.667e+01 
22-03-30 14:57:28.869 : <epoch:3333, iter:  50,000, lr:2.000e-04> G_loss: 1.740e+01 TV_loss: 0.000e+00 Gradient_loss: 1.994e+00 l1_loss: 4.064e-01 Constrast_loss: 1.500e+01 
22-03-30 14:57:28.873 : Saving the model. Save path is:Model/Medical_Fusion-CT-MRI/Medical_Fusion/models/50000_E.pth
22-03-30 14:58:47.262 : <epoch:3346, iter:  50,200, lr:2.000e-04> G_loss: 1.300e+01 TV_loss: 0.000e+00 Gradient_loss: 1.939e+00 l1_loss: 4.597e-01 Constrast_loss: 1.060e+01 
22-03-30 14:59:57.583 : <epoch:3359, iter:  50,400, lr:2.000e-04> G_loss: 2.125e+01 TV_loss: 0.000e+00 Gradient_loss: 2.843e+00 l1_loss: 6.111e-01 Constrast_loss: 1.780e+01 
22-03-30 15:01:09.010 : <epoch:3373, iter:  50,600, lr:2.000e-04> G_loss: 1.121e+01 TV_loss: 0.000e+00 Gradient_loss: 1.129e+00 l1_loss: 4.203e-01 Constrast_loss: 9.659e+00 
22-03-30 15:02:20.029 : <epoch:3386, iter:  50,800, lr:2.000e-04> G_loss: 1.347e+01 TV_loss: 0.000e+00 Gradient_loss: 2.026e+00 l1_loss: 3.667e-01 Constrast_loss: 1.107e+01 
22-03-30 15:03:30.425 : <epoch:3399, iter:  51,000, lr:2.000e-04> G_loss: 2.006e+01 TV_loss: 0.000e+00 Gradient_loss: 2.400e+00 l1_loss: 5.561e-01 Constrast_loss: 1.710e+01 
22-03-30 15:03:30.428 : Saving the model. Save path is:Model/Medical_Fusion-CT-MRI/Medical_Fusion/models/51000_E.pth
22-03-30 15:04:50.671 : <epoch:3413, iter:  51,200, lr:2.000e-04> G_loss: 9.435e+00 TV_loss: 0.000e+00 Gradient_loss: 7.962e-01 l1_loss: 2.071e-01 Constrast_loss: 8.431e+00 
22-03-30 15:06:00.662 : <epoch:3426, iter:  51,400, lr:2.000e-04> G_loss: 1.230e+01 TV_loss: 0.000e+00 Gradient_loss: 1.849e+00 l1_loss: 3.645e-01 Constrast_loss: 1.009e+01 
22-03-30 15:07:10.965 : <epoch:3439, iter:  51,600, lr:2.000e-04> G_loss: 1.551e+01 TV_loss: 0.000e+00 Gradient_loss: 1.717e+00 l1_loss: 5.798e-01 Constrast_loss: 1.322e+01 
22-03-30 15:08:21.507 : <epoch:3453, iter:  51,800, lr:2.000e-04> G_loss: 1.169e+01 TV_loss: 0.000e+00 Gradient_loss: 1.135e+00 l1_loss: 3.401e-01 Constrast_loss: 1.021e+01 
22-03-30 15:09:31.119 : <epoch:3466, iter:  52,000, lr:2.000e-04> G_loss: 1.294e+01 TV_loss: 0.000e+00 Gradient_loss: 1.806e+00 l1_loss: 4.459e-01 Constrast_loss: 1.069e+01 
22-03-30 15:09:31.122 : Saving the model. Save path is:Model/Medical_Fusion-CT-MRI/Medical_Fusion/models/52000_E.pth
22-03-30 15:10:49.642 : <epoch:3479, iter:  52,200, lr:2.000e-04> G_loss: 1.897e+01 TV_loss: 0.000e+00 Gradient_loss: 1.831e+00 l1_loss: 5.548e-01 Constrast_loss: 1.659e+01 
22-03-30 15:12:01.056 : <epoch:3493, iter:  52,400, lr:2.000e-04> G_loss: 2.018e+01 TV_loss: 0.000e+00 Gradient_loss: 2.400e+00 l1_loss: 6.844e-01 Constrast_loss: 1.710e+01 
22-03-30 15:13:11.224 : <epoch:3506, iter:  52,600, lr:2.000e-04> G_loss: 1.651e+01 TV_loss: 0.000e+00 Gradient_loss: 2.491e+00 l1_loss: 5.498e-01 Constrast_loss: 1.347e+01 
22-03-30 15:14:21.821 : <epoch:3519, iter:  52,800, lr:2.000e-04> G_loss: 1.655e+01 TV_loss: 0.000e+00 Gradient_loss: 2.186e+00 l1_loss: 4.710e-01 Constrast_loss: 1.389e+01 
22-03-30 15:15:33.012 : <epoch:3533, iter:  53,000, lr:2.000e-04> G_loss: 1.345e+01 TV_loss: 0.000e+00 Gradient_loss: 1.534e+00 l1_loss: 5.467e-01 Constrast_loss: 1.137e+01 
22-03-30 15:15:33.015 : Saving the model. Save path is:Model/Medical_Fusion-CT-MRI/Medical_Fusion/models/53000_E.pth
22-03-30 15:16:52.027 : <epoch:3546, iter:  53,200, lr:2.000e-04> G_loss: 1.866e+01 TV_loss: 0.000e+00 Gradient_loss: 2.623e+00 l1_loss: 5.497e-01 Constrast_loss: 1.548e+01 
22-03-30 15:18:02.163 : <epoch:3559, iter:  53,400, lr:2.000e-04> G_loss: 2.051e+01 TV_loss: 0.000e+00 Gradient_loss: 2.983e+00 l1_loss: 6.344e-01 Constrast_loss: 1.690e+01 
22-03-30 15:19:13.777 : <epoch:3573, iter:  53,600, lr:2.000e-04> G_loss: 1.570e+01 TV_loss: 0.000e+00 Gradient_loss: 1.425e+00 l1_loss: 2.148e-01 Constrast_loss: 1.406e+01 
22-03-30 15:20:24.455 : <epoch:3586, iter:  53,800, lr:2.000e-04> G_loss: 1.520e+01 TV_loss: 0.000e+00 Gradient_loss: 2.540e+00 l1_loss: 4.399e-01 Constrast_loss: 1.222e+01 
22-03-30 15:21:35.453 : <epoch:3599, iter:  54,000, lr:2.000e-04> G_loss: 1.743e+01 TV_loss: 0.000e+00 Gradient_loss: 1.994e+00 l1_loss: 4.922e-01 Constrast_loss: 1.495e+01 
22-03-30 15:21:35.456 : Saving the model. Save path is:Model/Medical_Fusion-CT-MRI/Medical_Fusion/models/54000_E.pth
