22-02-20 17:25:06.331 :   task: Multi_Exposure_Fusion
  model: plain
  gpu_ids: [0, 1, 2]
  dist: True
  scale: 1
  n_channels: 1
  path:[
    root: Model/Multi_Exposure_Fusion
    pretrained_netG: None
    pretrained_netE: None
    task: Model/Multi_Exposure_Fusion/Multi_Exposure_Fusion
    log: Model/Multi_Exposure_Fusion/Multi_Exposure_Fusion
    options: Model/Multi_Exposure_Fusion/Multi_Exposure_Fusion/options
    models: Model/Multi_Exposure_Fusion/Multi_Exposure_Fusion/models
    images: Model/Multi_Exposure_Fusion/Multi_Exposure_Fusion/images
    pretrained_optimizerG: None
  ]
  datasets:[
    train:[
      name: train_dataset
      dataset_type: mef
      dataroot_A: Dataset/trainsets/MEF/under
      dataroot_B: Dataset/trainsets/MEF/over
      dataroot_GT: Dataset/trainsets/MEF/GT
      H_size: 128
      dataloader_shuffle: True
      dataloader_num_workers: 8
      dataloader_batch_size: 8
      phase: train
      scale: 1
      n_channels: 1
    ]
    test:[
      name: test_dataset
      dataset_type: mef
      dataroot_A: Dataset/valsets/test1/under
      dataroot_B: Dataset/valsets/test1/over
      dataroot_GT: Dataset/valsets/test1/GT
      phase: test
      scale: 1
      n_channels: 1
    ]
  ]
  netG:[
    net_type: swinfusion1
    upscale: 1
    in_chans: 1
    img_size: 128
    window_size: 8
    img_range: 1.0
    depths: [6, 6, 6, 6]
    embed_dim: 60
    num_heads: [6, 6, 6, 6]
    mlp_ratio: 2
    upsampler: None
    resi_connection: 1conv
    init_type: default
    scale: 1
  ]
  train:[
    G_lossfn_type: mef
    G_lossfn_weight: 1.0
    E_decay: 0.999
    G_optimizer_type: adam
    G_optimizer_lr: 0.0002
    G_optimizer_wd: 0
    G_optimizer_clipgrad: None
    G_optimizer_reuse: True
    G_scheduler_type: MultiStepLR
    G_scheduler_milestones: [250000, 400000, 450000, 475000, 500000]
    G_scheduler_gamma: 0.5
    G_regularizer_orthstep: None
    G_regularizer_clipstep: None
    G_param_strict: True
    E_param_strict: True
    checkpoint_test: 1000
    checkpoint_save: 1000
    checkpoint_print: 200
    F_feature_layer: 34
    F_weights: 1.0
    F_lossfn_type: l1
    F_use_input_norm: True
    F_use_range_norm: False
  ]
  opt_path: options/swinir/train_swinfusion_mef.json
  is_train: True
  merge_bn: False
  merge_bn_startpoint: -1
  find_unused_parameters: True
  num_gpu: 3
  rank: 0
  world_size: 3

22-02-20 17:25:06.347 : Number of train images: 360, iters: 45
22-02-20 17:26:52.556 : <epoch:  3, iter:     200, lr:2.000e-04> G_loss: 4.213e+00 TV_loss: 1.967e-02 Gradient_loss: 8.918e-01 l1_loss: 1.044e+00 Constrast_loss: 2.257e+00 
22-02-20 17:28:38.529 : <epoch:  6, iter:     400, lr:2.000e-04> G_loss: 5.629e+00 TV_loss: 2.685e-02 Gradient_loss: 1.581e+00 l1_loss: 7.705e-01 Constrast_loss: 3.251e+00 
22-02-20 17:30:25.941 : <epoch:  9, iter:     600, lr:2.000e-04> G_loss: 7.863e+00 TV_loss: 1.106e-01 Gradient_loss: 3.144e+00 l1_loss: 6.997e-01 Constrast_loss: 3.909e+00 
22-02-20 17:32:16.705 : <epoch: 13, iter:     800, lr:2.000e-04> G_loss: 5.298e+00 TV_loss: 2.320e-02 Gradient_loss: 1.819e+00 l1_loss: 4.940e-01 Constrast_loss: 2.962e+00 
22-02-20 17:34:07.934 : <epoch: 16, iter:   1,000, lr:2.000e-04> G_loss: 8.961e+00 TV_loss: 5.679e-02 Gradient_loss: 3.033e+00 l1_loss: 1.272e+00 Constrast_loss: 4.599e+00 
22-02-20 17:34:07.941 : Saving the model. Save path is:Model/Multi_Exposure_Fusion/Multi_Exposure_Fusion/models/1000_E.pth
22-02-20 17:37:38.396 : <epoch: 19, iter:   1,200, lr:2.000e-04> G_loss: 5.522e+00 TV_loss: 3.406e-02 Gradient_loss: 2.018e+00 l1_loss: 9.010e-01 Constrast_loss: 2.569e+00 
22-02-20 17:39:32.391 : <epoch: 23, iter:   1,400, lr:2.000e-04> G_loss: 4.525e+00 TV_loss: 2.297e-02 Gradient_loss: 1.248e+00 l1_loss: 5.643e-01 Constrast_loss: 2.689e+00 
22-02-20 17:41:24.896 : <epoch: 26, iter:   1,600, lr:2.000e-04> G_loss: 5.329e+00 TV_loss: 4.093e-02 Gradient_loss: 1.469e+00 l1_loss: 6.482e-01 Constrast_loss: 3.171e+00 
22-02-20 17:43:17.125 : <epoch: 29, iter:   1,800, lr:2.000e-04> G_loss: 6.459e+00 TV_loss: 6.901e-02 Gradient_loss: 2.194e+00 l1_loss: 6.233e-01 Constrast_loss: 3.573e+00 
22-02-20 17:45:10.317 : <epoch: 33, iter:   2,000, lr:2.000e-04> G_loss: 4.358e+00 TV_loss: 2.197e-02 Gradient_loss: 1.173e+00 l1_loss: 7.032e-01 Constrast_loss: 2.460e+00 
22-02-20 17:45:10.323 : Saving the model. Save path is:Model/Multi_Exposure_Fusion/Multi_Exposure_Fusion/models/2000_E.pth
22-02-20 17:48:52.245 : <epoch: 36, iter:   2,200, lr:2.000e-04> G_loss: 8.419e+00 TV_loss: 5.030e-02 Gradient_loss: 2.890e+00 l1_loss: 5.697e-01 Constrast_loss: 4.910e+00 
22-02-20 17:50:45.702 : <epoch: 39, iter:   2,400, lr:2.000e-04> G_loss: 4.980e+00 TV_loss: 6.202e-02 Gradient_loss: 1.328e+00 l1_loss: 7.537e-01 Constrast_loss: 2.836e+00 
22-02-20 17:52:41.041 : <epoch: 43, iter:   2,600, lr:2.000e-04> G_loss: 3.938e+00 TV_loss: 2.076e-02 Gradient_loss: 6.772e-01 l1_loss: 1.127e+00 Constrast_loss: 2.113e+00 
22-02-20 17:54:33.756 : <epoch: 46, iter:   2,800, lr:2.000e-04> G_loss: 4.863e+00 TV_loss: 5.942e-02 Gradient_loss: 1.267e+00 l1_loss: 8.318e-01 Constrast_loss: 2.705e+00 
22-02-20 17:56:43.927 : <epoch: 49, iter:   3,000, lr:2.000e-04> G_loss: 5.753e+00 TV_loss: 6.663e-02 Gradient_loss: 1.634e+00 l1_loss: 8.542e-01 Constrast_loss: 3.198e+00 
22-02-20 17:56:43.933 : Saving the model. Save path is:Model/Multi_Exposure_Fusion/Multi_Exposure_Fusion/models/3000_E.pth
22-02-20 18:00:01.732 : <epoch: 53, iter:   3,200, lr:2.000e-04> G_loss: 4.792e+00 TV_loss: 2.043e-02 Gradient_loss: 1.254e+00 l1_loss: 9.637e-01 Constrast_loss: 2.554e+00 
22-02-20 18:01:53.205 : <epoch: 56, iter:   3,400, lr:2.000e-04> G_loss: 8.257e+00 TV_loss: 8.355e-02 Gradient_loss: 2.891e+00 l1_loss: 9.053e-01 Constrast_loss: 4.377e+00 
22-02-20 18:03:45.364 : <epoch: 59, iter:   3,600, lr:2.000e-04> G_loss: 5.199e+00 TV_loss: 5.996e-02 Gradient_loss: 1.258e+00 l1_loss: 7.622e-01 Constrast_loss: 3.118e+00 
22-02-20 18:05:36.644 : <epoch: 63, iter:   3,800, lr:2.000e-04> G_loss: 5.232e+00 TV_loss: 2.610e-02 Gradient_loss: 1.258e+00 l1_loss: 1.232e+00 Constrast_loss: 2.716e+00 
22-02-20 18:07:27.112 : <epoch: 66, iter:   4,000, lr:2.000e-04> G_loss: 4.016e+00 TV_loss: 2.023e-02 Gradient_loss: 1.000e+00 l1_loss: 6.076e-01 Constrast_loss: 2.388e+00 
22-02-20 18:07:27.124 : Saving the model. Save path is:Model/Multi_Exposure_Fusion/Multi_Exposure_Fusion/models/4000_E.pth
22-02-20 18:11:10.368 : <epoch: 69, iter:   4,200, lr:2.000e-04> G_loss: 6.965e+00 TV_loss: 1.293e-01 Gradient_loss: 2.292e+00 l1_loss: 1.122e+00 Constrast_loss: 3.422e+00 
22-02-20 18:13:49.551 : <epoch: 73, iter:   4,400, lr:2.000e-04> G_loss: 4.095e+00 TV_loss: 2.617e-02 Gradient_loss: 9.202e-01 l1_loss: 6.255e-01 Constrast_loss: 2.523e+00 
22-02-20 18:15:43.118 : <epoch: 76, iter:   4,600, lr:2.000e-04> G_loss: 6.597e+00 TV_loss: 8.735e-02 Gradient_loss: 2.355e+00 l1_loss: 1.137e+00 Constrast_loss: 3.017e+00 
22-02-20 18:17:36.279 : <epoch: 79, iter:   4,800, lr:2.000e-04> G_loss: 5.685e+00 TV_loss: 7.768e-02 Gradient_loss: 1.597e+00 l1_loss: 7.247e-01 Constrast_loss: 3.285e+00 
22-02-20 18:19:30.719 : <epoch: 83, iter:   5,000, lr:2.000e-04> G_loss: 3.512e+00 TV_loss: 9.326e-03 Gradient_loss: 8.406e-01 l1_loss: 4.374e-01 Constrast_loss: 2.224e+00 
22-02-20 18:19:30.726 : Saving the model. Save path is:Model/Multi_Exposure_Fusion/Multi_Exposure_Fusion/models/5000_E.pth
22-02-20 18:22:48.768 : <epoch: 86, iter:   5,200, lr:2.000e-04> G_loss: 6.265e+00 TV_loss: 2.642e-02 Gradient_loss: 1.075e+00 l1_loss: 8.916e-01 Constrast_loss: 4.272e+00 
22-02-20 18:24:41.873 : <epoch: 89, iter:   5,400, lr:2.000e-04> G_loss: 5.976e+00 TV_loss: 2.796e-02 Gradient_loss: 2.001e+00 l1_loss: 5.111e-01 Constrast_loss: 3.437e+00 
22-02-20 18:26:57.153 : <epoch: 93, iter:   5,600, lr:2.000e-04> G_loss: 4.274e+00 TV_loss: 2.660e-02 Gradient_loss: 9.157e-01 l1_loss: 8.051e-01 Constrast_loss: 2.527e+00 
22-02-20 18:28:54.270 : <epoch: 96, iter:   5,800, lr:2.000e-04> G_loss: 4.201e+00 TV_loss: 5.217e-03 Gradient_loss: 1.024e+00 l1_loss: 6.829e-01 Constrast_loss: 2.488e+00 
22-02-20 18:30:49.362 : <epoch: 99, iter:   6,000, lr:2.000e-04> G_loss: 5.023e+00 TV_loss: 6.732e-02 Gradient_loss: 1.359e+00 l1_loss: 7.743e-01 Constrast_loss: 2.822e+00 
22-02-20 18:30:49.368 : Saving the model. Save path is:Model/Multi_Exposure_Fusion/Multi_Exposure_Fusion/models/6000_E.pth
22-02-20 18:34:09.065 : <epoch:103, iter:   6,200, lr:2.000e-04> G_loss: 3.747e+00 TV_loss: 1.529e-02 Gradient_loss: 6.785e-01 l1_loss: 8.033e-01 Constrast_loss: 2.250e+00 
22-02-20 18:36:02.928 : <epoch:106, iter:   6,400, lr:2.000e-04> G_loss: 5.047e+00 TV_loss: 8.676e-02 Gradient_loss: 1.193e+00 l1_loss: 7.984e-01 Constrast_loss: 2.968e+00 
22-02-20 18:37:54.654 : <epoch:109, iter:   6,600, lr:2.000e-04> G_loss: 4.912e+00 TV_loss: 3.764e-02 Gradient_loss: 1.109e+00 l1_loss: 1.080e+00 Constrast_loss: 2.685e+00 
22-02-20 18:39:48.602 : <epoch:113, iter:   6,800, lr:2.000e-04> G_loss: 3.969e+00 TV_loss: 9.290e-03 Gradient_loss: 1.021e+00 l1_loss: 5.913e-01 Constrast_loss: 2.347e+00 
22-02-20 18:41:41.835 : <epoch:116, iter:   7,000, lr:2.000e-04> G_loss: 3.453e+00 TV_loss: 1.417e-02 Gradient_loss: 8.795e-01 l1_loss: 7.272e-01 Constrast_loss: 1.832e+00 
22-02-20 18:41:41.842 : Saving the model. Save path is:Model/Multi_Exposure_Fusion/Multi_Exposure_Fusion/models/7000_E.pth
22-02-20 18:44:55.836 : <epoch:119, iter:   7,200, lr:2.000e-04> G_loss: 5.483e+00 TV_loss: 8.731e-02 Gradient_loss: 1.348e+00 l1_loss: 9.648e-01 Constrast_loss: 3.083e+00 
22-02-20 18:46:46.555 : <epoch:123, iter:   7,400, lr:2.000e-04> G_loss: 4.845e+00 TV_loss: 1.255e-02 Gradient_loss: 1.075e+00 l1_loss: 6.646e-01 Constrast_loss: 3.092e+00 
22-02-20 18:48:36.437 : <epoch:126, iter:   7,600, lr:2.000e-04> G_loss: 6.101e+00 TV_loss: 7.753e-02 Gradient_loss: 2.016e+00 l1_loss: 6.716e-01 Constrast_loss: 3.337e+00 
22-02-20 18:50:28.609 : <epoch:129, iter:   7,800, lr:2.000e-04> G_loss: 6.093e+00 TV_loss: 1.293e-01 Gradient_loss: 1.658e+00 l1_loss: 8.400e-01 Constrast_loss: 3.466e+00 
22-02-20 18:52:21.849 : <epoch:133, iter:   8,000, lr:2.000e-04> G_loss: 4.866e+00 TV_loss: 2.034e-02 Gradient_loss: 1.452e+00 l1_loss: 2.878e-01 Constrast_loss: 3.105e+00 
22-02-20 18:52:21.856 : Saving the model. Save path is:Model/Multi_Exposure_Fusion/Multi_Exposure_Fusion/models/8000_E.pth
22-02-20 18:55:35.463 : <epoch:136, iter:   8,200, lr:2.000e-04> G_loss: 5.345e+00 TV_loss: 7.163e-02 Gradient_loss: 1.234e+00 l1_loss: 8.253e-01 Constrast_loss: 3.214e+00 
22-02-20 18:57:28.279 : <epoch:139, iter:   8,400, lr:2.000e-04> G_loss: 7.588e+00 TV_loss: 8.394e-02 Gradient_loss: 2.774e+00 l1_loss: 6.682e-01 Constrast_loss: 4.062e+00 
22-02-20 18:59:22.128 : <epoch:143, iter:   8,600, lr:2.000e-04> G_loss: 4.602e+00 TV_loss: 4.545e-02 Gradient_loss: 1.024e+00 l1_loss: 8.724e-01 Constrast_loss: 2.661e+00 
22-02-20 19:01:15.362 : <epoch:146, iter:   8,800, lr:2.000e-04> G_loss: 3.362e+00 TV_loss: 7.332e-03 Gradient_loss: 7.583e-01 l1_loss: 6.432e-01 Constrast_loss: 1.953e+00 
22-02-20 19:03:09.039 : <epoch:149, iter:   9,000, lr:2.000e-04> G_loss: 6.563e+00 TV_loss: 1.267e-01 Gradient_loss: 1.978e+00 l1_loss: 8.654e-01 Constrast_loss: 3.592e+00 
22-02-20 19:03:09.045 : Saving the model. Save path is:Model/Multi_Exposure_Fusion/Multi_Exposure_Fusion/models/9000_E.pth
22-02-20 19:06:36.984 : <epoch:153, iter:   9,200, lr:2.000e-04> G_loss: 4.670e+00 TV_loss: 2.767e-02 Gradient_loss: 9.556e-01 l1_loss: 6.656e-01 Constrast_loss: 3.021e+00 
22-02-20 19:08:30.349 : <epoch:156, iter:   9,400, lr:2.000e-04> G_loss: 3.046e+00 TV_loss: 6.525e-03 Gradient_loss: 7.004e-01 l1_loss: 7.226e-01 Constrast_loss: 1.617e+00 
22-02-20 19:10:24.281 : <epoch:159, iter:   9,600, lr:2.000e-04> G_loss: 5.257e+00 TV_loss: 2.187e-02 Gradient_loss: 1.228e+00 l1_loss: 6.155e-01 Constrast_loss: 3.392e+00 
22-02-20 19:12:19.640 : <epoch:163, iter:   9,800, lr:2.000e-04> G_loss: 3.803e+00 TV_loss: 4.988e-02 Gradient_loss: 5.521e-01 l1_loss: 9.667e-01 Constrast_loss: 2.235e+00 
22-02-20 19:14:12.316 : <epoch:166, iter:  10,000, lr:2.000e-04> G_loss: 4.989e+00 TV_loss: 7.864e-02 Gradient_loss: 1.238e+00 l1_loss: 8.581e-01 Constrast_loss: 2.814e+00 
22-02-20 19:14:12.328 : Saving the model. Save path is:Model/Multi_Exposure_Fusion/Multi_Exposure_Fusion/models/10000_E.pth
22-02-20 19:17:28.021 : <epoch:169, iter:  10,200, lr:2.000e-04> G_loss: 5.381e+00 TV_loss: 1.114e-01 Gradient_loss: 1.212e+00 l1_loss: 8.253e-01 Constrast_loss: 3.232e+00 
22-02-20 19:19:27.304 : <epoch:173, iter:  10,400, lr:2.000e-04> G_loss: 4.620e+00 TV_loss: 2.720e-02 Gradient_loss: 1.296e+00 l1_loss: 5.355e-01 Constrast_loss: 2.761e+00 
22-02-20 19:21:26.431 : <epoch:176, iter:  10,600, lr:2.000e-04> G_loss: 6.600e+00 TV_loss: 4.757e-02 Gradient_loss: 1.240e+00 l1_loss: 9.507e-01 Constrast_loss: 4.362e+00 
22-02-20 19:23:27.474 : <epoch:179, iter:  10,800, lr:2.000e-04> G_loss: 6.042e+00 TV_loss: 6.858e-02 Gradient_loss: 1.438e+00 l1_loss: 8.141e-01 Constrast_loss: 3.721e+00 
22-02-20 19:25:25.347 : <epoch:183, iter:  11,000, lr:2.000e-04> G_loss: 4.178e+00 TV_loss: 2.503e-02 Gradient_loss: 1.076e+00 l1_loss: 5.194e-01 Constrast_loss: 2.558e+00 
22-02-20 19:25:25.359 : Saving the model. Save path is:Model/Multi_Exposure_Fusion/Multi_Exposure_Fusion/models/11000_E.pth
22-02-20 19:28:54.250 : <epoch:186, iter:  11,200, lr:2.000e-04> G_loss: 6.403e+00 TV_loss: 4.749e-02 Gradient_loss: 1.129e+00 l1_loss: 6.532e-01 Constrast_loss: 4.573e+00 
22-03-20 11:48:54.286 :   task: Multi_Exposure_Fusion
  model: plain
  gpu_ids: [0, 1, 2]
  dist: True
  scale: 1
  n_channels: 1
  path:[
    root: Model/Multi_Exposure_Fusion
    pretrained_netG: Model/Multi_Exposure_Fusion/Multi_Exposure_Fusion/models/11000_G.pth
    pretrained_netE: Model/Multi_Exposure_Fusion/Multi_Exposure_Fusion/models/11000_E.pth
    task: Model/Multi_Exposure_Fusion/Multi_Exposure_Fusion
    log: Model/Multi_Exposure_Fusion/Multi_Exposure_Fusion
    options: Model/Multi_Exposure_Fusion/Multi_Exposure_Fusion/options
    models: Model/Multi_Exposure_Fusion/Multi_Exposure_Fusion/models
    images: Model/Multi_Exposure_Fusion/Multi_Exposure_Fusion/images
    pretrained_optimizerG: Model/Multi_Exposure_Fusion/Multi_Exposure_Fusion/models/11000_optimizerG.pth
  ]
  datasets:[
    train:[
      name: train_dataset
      dataset_type: mef
      dataroot_A: Dataset/trainsets/MEF/under
      dataroot_B: Dataset/trainsets/MEF/over
      dataroot_GT: Dataset/trainsets/MEF/GT
      H_size: 128
      dataloader_shuffle: True
      dataloader_num_workers: 8
      dataloader_batch_size: 8
      phase: train
      scale: 1
      n_channels: 1
    ]
    test:[
      name: test_dataset
      dataset_type: mef
      dataroot_A: Dataset/valsets/test1/under
      dataroot_B: Dataset/valsets/test1/over
      dataroot_GT: Dataset/valsets/test1/GT
      phase: test
      scale: 1
      n_channels: 1
    ]
  ]
  netG:[
    net_type: swinfusion1
    upscale: 1
    in_chans: 1
    img_size: 128
    window_size: 8
    img_range: 1.0
    depths: [6, 6, 6, 6]
    embed_dim: 60
    num_heads: [6, 6, 6, 6]
    mlp_ratio: 2
    upsampler: None
    resi_connection: 1conv
    init_type: default
    scale: 1
  ]
  train:[
    G_lossfn_type: mef
    G_lossfn_weight: 1.0
    E_decay: 0.999
    G_optimizer_type: adam
    G_optimizer_lr: 0.0002
    G_optimizer_wd: 0
    G_optimizer_clipgrad: None
    G_optimizer_reuse: True
    G_scheduler_type: MultiStepLR
    G_scheduler_milestones: [250000, 400000, 450000, 475000, 500000]
    G_scheduler_gamma: 0.5
    G_regularizer_orthstep: None
    G_regularizer_clipstep: None
    G_param_strict: True
    E_param_strict: True
    checkpoint_test: 1000
    checkpoint_save: 1000
    checkpoint_print: 200
    F_feature_layer: 34
    F_weights: 1.0
    F_lossfn_type: l1
    F_use_input_norm: True
    F_use_range_norm: False
  ]
  opt_path: options/swinir/train_swinfusion_mef.json
  is_train: True
  merge_bn: False
  merge_bn_startpoint: -1
  find_unused_parameters: True
  num_gpu: 3
  rank: 0
  world_size: 3

22-03-20 11:48:54.330 : Number of train images: 360, iters: 45
22-03-20 11:50:44.271 : <epoch:  3, iter:  11,200, lr:2.000e-04> G_loss: 4.867e+00 TV_loss: 4.411e-02 Gradient_loss: 8.837e-01 l1_loss: 8.672e-01 Constrast_loss: 3.073e+00 
22-03-20 11:52:19.991 : <epoch:  6, iter:  11,400, lr:2.000e-04> G_loss: 4.268e+00 TV_loss: 2.018e-02 Gradient_loss: 1.293e+00 l1_loss: 5.294e-01 Constrast_loss: 2.425e+00 
22-03-20 11:53:54.722 : <epoch:  9, iter:  11,600, lr:2.000e-04> G_loss: 4.694e+00 TV_loss: 2.390e-02 Gradient_loss: 1.093e+00 l1_loss: 4.694e-01 Constrast_loss: 3.108e+00 
22-03-20 11:55:39.438 : <epoch: 13, iter:  11,800, lr:2.000e-04> G_loss: 4.620e+00 TV_loss: 3.534e-02 Gradient_loss: 8.598e-01 l1_loss: 6.999e-01 Constrast_loss: 3.025e+00 
22-03-20 11:57:16.591 : <epoch: 16, iter:  12,000, lr:2.000e-04> G_loss: 3.816e+00 TV_loss: 1.523e-02 Gradient_loss: 9.807e-01 l1_loss: 6.959e-01 Constrast_loss: 2.124e+00 
22-03-20 11:57:16.599 : Saving the model. Save path is:Model/Multi_Exposure_Fusion/Multi_Exposure_Fusion/models/12000_E.pth
22-03-20 12:00:32.445 : <epoch: 19, iter:  12,200, lr:2.000e-04> G_loss: 3.916e+00 TV_loss: 5.639e-03 Gradient_loss: 1.068e+00 l1_loss: 1.492e-01 Constrast_loss: 2.693e+00 
22-03-20 12:02:19.901 : <epoch: 23, iter:  12,400, lr:2.000e-04> G_loss: 5.945e+00 TV_loss: 7.125e-02 Gradient_loss: 1.550e+00 l1_loss: 9.193e-01 Constrast_loss: 3.404e+00 
22-03-20 12:03:59.456 : <epoch: 26, iter:  12,600, lr:2.000e-04> G_loss: 4.084e+00 TV_loss: 2.465e-02 Gradient_loss: 1.237e+00 l1_loss: 6.044e-01 Constrast_loss: 2.218e+00 
22-03-20 12:05:39.750 : <epoch: 29, iter:  12,800, lr:2.000e-04> G_loss: 3.746e+00 TV_loss: 1.459e-02 Gradient_loss: 9.888e-01 l1_loss: 4.101e-01 Constrast_loss: 2.333e+00 
22-03-20 12:07:27.262 : <epoch: 33, iter:  13,000, lr:2.000e-04> G_loss: 4.695e+00 TV_loss: 1.439e-02 Gradient_loss: 8.863e-01 l1_loss: 4.930e-01 Constrast_loss: 3.301e+00 
22-03-20 12:07:27.267 : Saving the model. Save path is:Model/Multi_Exposure_Fusion/Multi_Exposure_Fusion/models/13000_E.pth
22-03-20 12:10:40.966 : <epoch: 36, iter:  13,200, lr:2.000e-04> G_loss: 4.022e+00 TV_loss: 1.057e-02 Gradient_loss: 1.224e+00 l1_loss: 2.518e-01 Constrast_loss: 2.536e+00 
22-03-20 12:12:22.581 : <epoch: 39, iter:  13,400, lr:2.000e-04> G_loss: 4.081e+00 TV_loss: 1.924e-02 Gradient_loss: 9.607e-01 l1_loss: 3.702e-01 Constrast_loss: 2.731e+00 
22-03-20 12:14:10.059 : <epoch: 43, iter:  13,600, lr:2.000e-04> G_loss: 5.737e+00 TV_loss: 6.537e-02 Gradient_loss: 1.492e+00 l1_loss: 5.102e-01 Constrast_loss: 3.669e+00 
22-03-20 12:15:49.516 : <epoch: 46, iter:  13,800, lr:2.000e-04> G_loss: 4.024e+00 TV_loss: 2.903e-02 Gradient_loss: 1.277e+00 l1_loss: 4.341e-01 Constrast_loss: 2.285e+00 
22-03-20 12:17:29.899 : <epoch: 49, iter:  14,000, lr:2.000e-04> G_loss: 3.813e+00 TV_loss: 3.642e-03 Gradient_loss: 1.000e+00 l1_loss: 1.030e-01 Constrast_loss: 2.706e+00 
22-03-20 12:17:29.906 : Saving the model. Save path is:Model/Multi_Exposure_Fusion/Multi_Exposure_Fusion/models/14000_E.pth
22-03-20 12:20:53.673 : <epoch: 53, iter:  14,200, lr:2.000e-04> G_loss: 6.769e+00 TV_loss: 8.596e-02 Gradient_loss: 1.831e+00 l1_loss: 7.723e-01 Constrast_loss: 4.079e+00 
22-03-20 12:22:33.764 : <epoch: 56, iter:  14,400, lr:2.000e-04> G_loss: 3.645e+00 TV_loss: 1.772e-02 Gradient_loss: 9.553e-01 l1_loss: 7.808e-01 Constrast_loss: 1.891e+00 
22-03-20 12:24:13.090 : <epoch: 59, iter:  14,600, lr:2.000e-04> G_loss: 3.554e+00 TV_loss: 3.152e-03 Gradient_loss: 1.093e+00 l1_loss: 1.077e-01 Constrast_loss: 2.350e+00 
22-03-20 12:26:01.041 : <epoch: 63, iter:  14,800, lr:2.000e-04> G_loss: 4.374e+00 TV_loss: 3.841e-02 Gradient_loss: 7.229e-01 l1_loss: 8.781e-01 Constrast_loss: 2.735e+00 
22-03-20 12:27:39.918 : <epoch: 66, iter:  15,000, lr:2.000e-04> G_loss: 4.068e+00 TV_loss: 1.601e-02 Gradient_loss: 1.253e+00 l1_loss: 4.040e-01 Constrast_loss: 2.394e+00 
22-03-20 12:27:39.924 : Saving the model. Save path is:Model/Multi_Exposure_Fusion/Multi_Exposure_Fusion/models/15000_E.pth
22-03-20 12:30:55.587 : <epoch: 69, iter:  15,200, lr:2.000e-04> G_loss: 3.355e+00 TV_loss: 3.474e-03 Gradient_loss: 9.317e-01 l1_loss: 1.801e-01 Constrast_loss: 2.240e+00 
22-03-20 12:32:41.517 : <epoch: 73, iter:  15,400, lr:2.000e-04> G_loss: 4.647e+00 TV_loss: 3.883e-02 Gradient_loss: 7.644e-01 l1_loss: 8.675e-01 Constrast_loss: 2.976e+00 
22-03-20 12:34:20.773 : <epoch: 76, iter:  15,600, lr:2.000e-04> G_loss: 3.780e+00 TV_loss: 1.990e-02 Gradient_loss: 1.017e+00 l1_loss: 7.188e-01 Constrast_loss: 2.025e+00 
22-03-20 12:36:04.505 : <epoch: 79, iter:  15,800, lr:2.000e-04> G_loss: 4.306e+00 TV_loss: 2.137e-02 Gradient_loss: 1.086e+00 l1_loss: 3.673e-01 Constrast_loss: 2.831e+00 
22-03-20 12:37:53.428 : <epoch: 83, iter:  16,000, lr:2.000e-04> G_loss: 5.115e+00 TV_loss: 8.539e-02 Gradient_loss: 1.147e+00 l1_loss: 1.519e+00 Constrast_loss: 2.364e+00 
22-03-20 12:37:53.434 : Saving the model. Save path is:Model/Multi_Exposure_Fusion/Multi_Exposure_Fusion/models/16000_E.pth
22-03-20 12:41:09.644 : <epoch: 86, iter:  16,200, lr:2.000e-04> G_loss: 4.036e+00 TV_loss: 6.945e-03 Gradient_loss: 1.220e+00 l1_loss: 3.235e-01 Constrast_loss: 2.486e+00 
22-03-20 12:42:50.207 : <epoch: 89, iter:  16,400, lr:2.000e-04> G_loss: 3.642e+00 TV_loss: 9.970e-03 Gradient_loss: 1.027e+00 l1_loss: 3.221e-01 Constrast_loss: 2.282e+00 
22-03-20 12:44:38.268 : <epoch: 93, iter:  16,600, lr:2.000e-04> G_loss: 5.020e+00 TV_loss: 6.511e-02 Gradient_loss: 1.035e+00 l1_loss: 1.070e+00 Constrast_loss: 2.850e+00 
22-03-20 12:46:17.591 : <epoch: 96, iter:  16,800, lr:2.000e-04> G_loss: 3.654e+00 TV_loss: 1.460e-02 Gradient_loss: 9.703e-01 l1_loss: 4.792e-01 Constrast_loss: 2.189e+00 
22-03-20 12:47:56.831 : <epoch: 99, iter:  17,000, lr:2.000e-04> G_loss: 3.217e+00 TV_loss: 2.425e-02 Gradient_loss: 9.571e-01 l1_loss: 2.922e-01 Constrast_loss: 1.943e+00 
22-03-20 12:47:56.838 : Saving the model. Save path is:Model/Multi_Exposure_Fusion/Multi_Exposure_Fusion/models/17000_E.pth
22-03-20 12:51:20.253 : <epoch:103, iter:  17,200, lr:2.000e-04> G_loss: 4.676e+00 TV_loss: 3.987e-02 Gradient_loss: 9.296e-01 l1_loss: 6.432e-01 Constrast_loss: 3.064e+00 
22-03-20 12:53:00.539 : <epoch:106, iter:  17,400, lr:2.000e-04> G_loss: 4.069e+00 TV_loss: 1.814e-02 Gradient_loss: 1.121e+00 l1_loss: 8.881e-01 Constrast_loss: 2.042e+00 
22-03-20 12:54:40.089 : <epoch:109, iter:  17,600, lr:2.000e-04> G_loss: 4.192e+00 TV_loss: 2.409e-02 Gradient_loss: 1.010e+00 l1_loss: 2.748e-01 Constrast_loss: 2.883e+00 
22-03-20 12:56:28.003 : <epoch:113, iter:  17,800, lr:2.000e-04> G_loss: 4.576e+00 TV_loss: 2.190e-02 Gradient_loss: 9.593e-01 l1_loss: 5.347e-01 Constrast_loss: 3.061e+00 
22-03-20 12:58:06.788 : <epoch:116, iter:  18,000, lr:2.000e-04> G_loss: 4.180e+00 TV_loss: 1.728e-02 Gradient_loss: 1.325e+00 l1_loss: 3.728e-01 Constrast_loss: 2.465e+00 
22-03-20 12:58:06.794 : Saving the model. Save path is:Model/Multi_Exposure_Fusion/Multi_Exposure_Fusion/models/18000_E.pth
22-03-20 13:01:22.055 : <epoch:119, iter:  18,200, lr:2.000e-04> G_loss: 4.020e+00 TV_loss: 1.832e-02 Gradient_loss: 1.247e+00 l1_loss: 3.265e-01 Constrast_loss: 2.428e+00 
22-03-20 13:03:10.880 : <epoch:123, iter:  18,400, lr:2.000e-04> G_loss: 5.245e+00 TV_loss: 3.728e-02 Gradient_loss: 1.281e+00 l1_loss: 6.662e-01 Constrast_loss: 3.260e+00 
22-03-20 13:04:51.603 : <epoch:126, iter:  18,600, lr:2.000e-04> G_loss: 4.176e+00 TV_loss: 2.023e-02 Gradient_loss: 1.222e+00 l1_loss: 4.988e-01 Constrast_loss: 2.435e+00 
22-03-20 13:06:31.134 : <epoch:129, iter:  18,800, lr:2.000e-04> G_loss: 4.014e+00 TV_loss: 5.179e-02 Gradient_loss: 1.156e+00 l1_loss: 6.851e-01 Constrast_loss: 2.121e+00 
22-03-20 13:08:18.546 : <epoch:133, iter:  19,000, lr:2.000e-04> G_loss: 5.013e+00 TV_loss: 4.764e-02 Gradient_loss: 1.206e+00 l1_loss: 7.213e-01 Constrast_loss: 3.038e+00 
22-03-20 13:08:18.552 : Saving the model. Save path is:Model/Multi_Exposure_Fusion/Multi_Exposure_Fusion/models/19000_E.pth
22-03-20 13:11:32.454 : <epoch:136, iter:  19,200, lr:2.000e-04> G_loss: 4.225e+00 TV_loss: 1.898e-02 Gradient_loss: 1.342e+00 l1_loss: 3.644e-01 Constrast_loss: 2.499e+00 
22-03-20 13:13:12.644 : <epoch:139, iter:  19,400, lr:2.000e-04> G_loss: 3.273e+00 TV_loss: 6.061e-03 Gradient_loss: 9.398e-01 l1_loss: 1.424e-01 Constrast_loss: 2.184e+00 
22-03-20 13:15:00.372 : <epoch:143, iter:  19,600, lr:2.000e-04> G_loss: 4.624e+00 TV_loss: 4.946e-02 Gradient_loss: 9.109e-01 l1_loss: 8.558e-01 Constrast_loss: 2.807e+00 
22-03-20 13:16:41.181 : <epoch:146, iter:  19,800, lr:2.000e-04> G_loss: 3.527e+00 TV_loss: 1.260e-02 Gradient_loss: 8.608e-01 l1_loss: 5.506e-01 Constrast_loss: 2.103e+00 
22-03-20 13:18:21.601 : <epoch:149, iter:  20,000, lr:2.000e-04> G_loss: 3.478e+00 TV_loss: 6.546e-03 Gradient_loss: 9.648e-01 l1_loss: 2.725e-01 Constrast_loss: 2.234e+00 
22-03-20 13:18:21.606 : Saving the model. Save path is:Model/Multi_Exposure_Fusion/Multi_Exposure_Fusion/models/20000_E.pth
22-03-20 13:21:44.217 : <epoch:153, iter:  20,200, lr:2.000e-04> G_loss: 4.753e+00 TV_loss: 5.538e-02 Gradient_loss: 8.240e-01 l1_loss: 8.364e-01 Constrast_loss: 3.037e+00 
22-03-20 13:23:23.334 : <epoch:156, iter:  20,400, lr:2.000e-04> G_loss: 4.431e+00 TV_loss: 1.590e-02 Gradient_loss: 1.333e+00 l1_loss: 5.118e-01 Constrast_loss: 2.571e+00 
22-03-20 13:25:03.599 : <epoch:159, iter:  20,600, lr:2.000e-04> G_loss: 3.598e+00 TV_loss: 1.064e-02 Gradient_loss: 1.035e+00 l1_loss: 3.149e-01 Constrast_loss: 2.237e+00 
22-03-20 13:26:50.961 : <epoch:163, iter:  20,800, lr:2.000e-04> G_loss: 5.412e+00 TV_loss: 5.783e-02 Gradient_loss: 1.043e+00 l1_loss: 1.111e+00 Constrast_loss: 3.200e+00 
22-03-20 13:28:30.409 : <epoch:166, iter:  21,000, lr:2.000e-04> G_loss: 4.294e+00 TV_loss: 2.100e-02 Gradient_loss: 1.252e+00 l1_loss: 6.661e-01 Constrast_loss: 2.356e+00 
22-03-20 13:28:30.415 : Saving the model. Save path is:Model/Multi_Exposure_Fusion/Multi_Exposure_Fusion/models/21000_E.pth
22-03-20 13:31:44.687 : <epoch:169, iter:  21,200, lr:2.000e-04> G_loss: 4.229e+00 TV_loss: 2.083e-02 Gradient_loss: 9.947e-01 l1_loss: 3.556e-01 Constrast_loss: 2.858e+00 
22-03-20 13:33:32.477 : <epoch:173, iter:  21,400, lr:2.000e-04> G_loss: 4.778e+00 TV_loss: 3.886e-02 Gradient_loss: 9.219e-01 l1_loss: 5.048e-01 Constrast_loss: 3.312e+00 
22-03-20 13:35:12.944 : <epoch:176, iter:  21,600, lr:2.000e-04> G_loss: 3.939e+00 TV_loss: 2.761e-02 Gradient_loss: 1.083e+00 l1_loss: 7.362e-01 Constrast_loss: 2.092e+00 
22-03-20 13:36:53.001 : <epoch:179, iter:  21,800, lr:2.000e-04> G_loss: 3.936e+00 TV_loss: 1.661e-02 Gradient_loss: 9.190e-01 l1_loss: 3.665e-01 Constrast_loss: 2.634e+00 
22-03-20 13:38:40.375 : <epoch:183, iter:  22,000, lr:2.000e-04> G_loss: 4.924e+00 TV_loss: 6.801e-02 Gradient_loss: 1.027e+00 l1_loss: 8.354e-01 Constrast_loss: 2.993e+00 
22-03-20 13:38:40.386 : Saving the model. Save path is:Model/Multi_Exposure_Fusion/Multi_Exposure_Fusion/models/22000_E.pth
22-03-20 13:41:55.014 : <epoch:186, iter:  22,200, lr:2.000e-04> G_loss: 3.717e+00 TV_loss: 1.310e-02 Gradient_loss: 9.232e-01 l1_loss: 7.664e-01 Constrast_loss: 2.015e+00 
22-03-20 13:43:34.455 : <epoch:189, iter:  22,400, lr:2.000e-04> G_loss: 2.996e+00 TV_loss: 3.084e-03 Gradient_loss: 9.787e-01 l1_loss: 8.215e-02 Constrast_loss: 1.932e+00 
22-03-20 13:45:22.565 : <epoch:193, iter:  22,600, lr:2.000e-04> G_loss: 5.143e+00 TV_loss: 4.799e-02 Gradient_loss: 1.077e+00 l1_loss: 9.380e-01 Constrast_loss: 3.080e+00 
22-03-20 13:47:00.951 : <epoch:196, iter:  22,800, lr:2.000e-04> G_loss: 5.258e+00 TV_loss: 1.675e-02 Gradient_loss: 1.479e+00 l1_loss: 4.540e-01 Constrast_loss: 3.308e+00 
22-03-20 13:48:39.502 : <epoch:199, iter:  23,000, lr:2.000e-04> G_loss: 3.516e+00 TV_loss: 4.252e-03 Gradient_loss: 1.073e+00 l1_loss: 1.106e-01 Constrast_loss: 2.328e+00 
22-03-20 13:48:39.505 : Saving the model. Save path is:Model/Multi_Exposure_Fusion/Multi_Exposure_Fusion/models/23000_E.pth
22-03-20 13:52:00.240 : <epoch:203, iter:  23,200, lr:2.000e-04> G_loss: 4.619e+00 TV_loss: 2.810e-02 Gradient_loss: 8.859e-01 l1_loss: 6.137e-01 Constrast_loss: 3.091e+00 
22-03-20 13:53:40.340 : <epoch:206, iter:  23,400, lr:2.000e-04> G_loss: 3.881e+00 TV_loss: 2.544e-02 Gradient_loss: 1.139e+00 l1_loss: 6.358e-01 Constrast_loss: 2.081e+00 
22-03-20 13:55:19.756 : <epoch:209, iter:  23,600, lr:2.000e-04> G_loss: 3.843e+00 TV_loss: 4.284e-03 Gradient_loss: 9.654e-01 l1_loss: 1.379e-01 Constrast_loss: 2.735e+00 
22-03-20 13:57:07.650 : <epoch:213, iter:  23,800, lr:2.000e-04> G_loss: 4.665e+00 TV_loss: 5.104e-02 Gradient_loss: 7.900e-01 l1_loss: 8.295e-01 Constrast_loss: 2.995e+00 
22-03-20 13:58:47.392 : <epoch:216, iter:  24,000, lr:2.000e-04> G_loss: 3.562e+00 TV_loss: 2.062e-02 Gradient_loss: 9.217e-01 l1_loss: 5.929e-01 Constrast_loss: 2.027e+00 
22-03-20 13:58:47.398 : Saving the model. Save path is:Model/Multi_Exposure_Fusion/Multi_Exposure_Fusion/models/24000_E.pth
22-03-20 14:02:00.300 : <epoch:219, iter:  24,200, lr:2.000e-04> G_loss: 3.516e+00 TV_loss: 8.490e-03 Gradient_loss: 9.838e-01 l1_loss: 1.707e-01 Constrast_loss: 2.353e+00 
22-03-20 14:03:47.926 : <epoch:223, iter:  24,400, lr:2.000e-04> G_loss: 5.390e+00 TV_loss: 1.181e-01 Gradient_loss: 1.154e+00 l1_loss: 1.322e+00 Constrast_loss: 2.796e+00 
22-03-20 14:05:27.261 : <epoch:226, iter:  24,600, lr:2.000e-04> G_loss: 3.875e+00 TV_loss: 1.683e-02 Gradient_loss: 1.201e+00 l1_loss: 2.821e-01 Constrast_loss: 2.376e+00 
22-03-20 14:07:06.690 : <epoch:229, iter:  24,800, lr:2.000e-04> G_loss: 3.299e+00 TV_loss: 6.033e-03 Gradient_loss: 9.059e-01 l1_loss: 1.520e-01 Constrast_loss: 2.235e+00 
22-03-20 14:08:52.751 : <epoch:233, iter:  25,000, lr:2.000e-04> G_loss: 4.588e+00 TV_loss: 3.444e-02 Gradient_loss: 7.933e-01 l1_loss: 9.643e-01 Constrast_loss: 2.796e+00 
22-03-20 14:08:52.761 : Saving the model. Save path is:Model/Multi_Exposure_Fusion/Multi_Exposure_Fusion/models/25000_E.pth
22-03-20 14:12:02.512 : <epoch:236, iter:  25,200, lr:2.000e-04> G_loss: 4.019e+00 TV_loss: 1.898e-02 Gradient_loss: 1.131e+00 l1_loss: 6.166e-01 Constrast_loss: 2.252e+00 
22-03-20 14:13:41.038 : <epoch:239, iter:  25,400, lr:2.000e-04> G_loss: 3.607e+00 TV_loss: 9.484e-03 Gradient_loss: 9.967e-01 l1_loss: 2.091e-01 Constrast_loss: 2.392e+00 
22-03-20 14:15:28.384 : <epoch:243, iter:  25,600, lr:2.000e-04> G_loss: 5.223e+00 TV_loss: 6.667e-02 Gradient_loss: 1.068e+00 l1_loss: 7.778e-01 Constrast_loss: 3.311e+00 
22-03-20 14:17:07.987 : <epoch:246, iter:  25,800, lr:2.000e-04> G_loss: 4.013e+00 TV_loss: 7.806e-03 Gradient_loss: 1.197e+00 l1_loss: 2.922e-01 Constrast_loss: 2.516e+00 
22-03-20 14:18:47.603 : <epoch:249, iter:  26,000, lr:2.000e-04> G_loss: 3.989e+00 TV_loss: 1.841e-02 Gradient_loss: 9.125e-01 l1_loss: 4.208e-01 Constrast_loss: 2.637e+00 
22-03-20 14:18:47.608 : Saving the model. Save path is:Model/Multi_Exposure_Fusion/Multi_Exposure_Fusion/models/26000_E.pth
22-03-20 14:22:09.233 : <epoch:253, iter:  26,200, lr:2.000e-04> G_loss: 4.785e+00 TV_loss: 5.062e-02 Gradient_loss: 9.627e-01 l1_loss: 8.417e-01 Constrast_loss: 2.930e+00 
22-03-20 14:23:49.516 : <epoch:256, iter:  26,400, lr:2.000e-04> G_loss: 4.437e+00 TV_loss: 1.594e-02 Gradient_loss: 1.322e+00 l1_loss: 6.897e-01 Constrast_loss: 2.409e+00 
22-03-20 14:25:28.366 : <epoch:259, iter:  26,600, lr:2.000e-04> G_loss: 4.029e+00 TV_loss: 1.533e-02 Gradient_loss: 9.700e-01 l1_loss: 3.002e-01 Constrast_loss: 2.743e+00 
22-03-20 14:27:15.533 : <epoch:263, iter:  26,800, lr:2.000e-04> G_loss: 5.486e+00 TV_loss: 5.202e-02 Gradient_loss: 1.194e+00 l1_loss: 9.722e-01 Constrast_loss: 3.267e+00 
22-03-20 14:28:55.456 : <epoch:266, iter:  27,000, lr:2.000e-04> G_loss: 3.995e+00 TV_loss: 1.253e-02 Gradient_loss: 1.190e+00 l1_loss: 2.071e-01 Constrast_loss: 2.585e+00 
22-03-20 14:28:55.462 : Saving the model. Save path is:Model/Multi_Exposure_Fusion/Multi_Exposure_Fusion/models/27000_E.pth
22-03-20 14:32:07.474 : <epoch:269, iter:  27,200, lr:2.000e-04> G_loss: 3.425e+00 TV_loss: 1.403e-02 Gradient_loss: 9.301e-01 l1_loss: 3.371e-01 Constrast_loss: 2.144e+00 
22-03-20 14:33:55.102 : <epoch:273, iter:  27,400, lr:2.000e-04> G_loss: 5.110e+00 TV_loss: 7.067e-02 Gradient_loss: 1.110e+00 l1_loss: 8.302e-01 Constrast_loss: 3.099e+00 
22-03-20 14:35:34.811 : <epoch:276, iter:  27,600, lr:2.000e-04> G_loss: 4.100e+00 TV_loss: 6.884e-03 Gradient_loss: 1.131e+00 l1_loss: 2.576e-01 Constrast_loss: 2.705e+00 
22-03-20 14:37:14.802 : <epoch:279, iter:  27,800, lr:2.000e-04> G_loss: 3.543e+00 TV_loss: 3.294e-02 Gradient_loss: 9.539e-01 l1_loss: 3.587e-01 Constrast_loss: 2.197e+00 
22-03-20 14:39:02.398 : <epoch:283, iter:  28,000, lr:2.000e-04> G_loss: 4.712e+00 TV_loss: 5.075e-02 Gradient_loss: 7.964e-01 l1_loss: 9.197e-01 Constrast_loss: 2.945e+00 
22-03-20 14:39:02.404 : Saving the model. Save path is:Model/Multi_Exposure_Fusion/Multi_Exposure_Fusion/models/28000_E.pth
22-03-20 14:42:15.611 : <epoch:286, iter:  28,200, lr:2.000e-04> G_loss: 4.221e+00 TV_loss: 6.215e-03 Gradient_loss: 1.257e+00 l1_loss: 1.346e-01 Constrast_loss: 2.824e+00 
22-03-20 14:43:55.180 : <epoch:289, iter:  28,400, lr:2.000e-04> G_loss: 3.174e+00 TV_loss: 4.205e-03 Gradient_loss: 9.405e-01 l1_loss: 1.885e-01 Constrast_loss: 2.041e+00 
22-03-20 14:45:41.363 : <epoch:293, iter:  28,600, lr:2.000e-04> G_loss: 4.879e+00 TV_loss: 3.339e-02 Gradient_loss: 9.615e-01 l1_loss: 5.336e-01 Constrast_loss: 3.351e+00 
22-03-20 14:47:20.405 : <epoch:296, iter:  28,800, lr:2.000e-04> G_loss: 4.475e+00 TV_loss: 1.805e-02 Gradient_loss: 1.336e+00 l1_loss: 5.085e-01 Constrast_loss: 2.613e+00 
22-03-20 14:49:01.017 : <epoch:299, iter:  29,000, lr:2.000e-04> G_loss: 3.468e+00 TV_loss: 8.126e-03 Gradient_loss: 9.317e-01 l1_loss: 2.711e-01 Constrast_loss: 2.257e+00 
22-03-20 14:49:01.023 : Saving the model. Save path is:Model/Multi_Exposure_Fusion/Multi_Exposure_Fusion/models/29000_E.pth
22-03-20 14:52:22.289 : <epoch:303, iter:  29,200, lr:2.000e-04> G_loss: 4.711e+00 TV_loss: 4.586e-02 Gradient_loss: 8.371e-01 l1_loss: 5.979e-01 Constrast_loss: 3.231e+00 
22-03-20 14:54:02.717 : <epoch:306, iter:  29,400, lr:2.000e-04> G_loss: 4.007e+00 TV_loss: 1.401e-02 Gradient_loss: 1.173e+00 l1_loss: 4.035e-01 Constrast_loss: 2.417e+00 
22-03-20 14:55:38.586 : <epoch:309, iter:  29,600, lr:2.000e-04> G_loss: 3.725e+00 TV_loss: 2.771e-02 Gradient_loss: 1.066e+00 l1_loss: 3.923e-01 Constrast_loss: 2.239e+00 
22-03-20 14:57:24.392 : <epoch:313, iter:  29,800, lr:2.000e-04> G_loss: 5.380e+00 TV_loss: 4.102e-02 Gradient_loss: 1.205e+00 l1_loss: 8.022e-01 Constrast_loss: 3.332e+00 
22-03-20 14:59:01.919 : <epoch:316, iter:  30,000, lr:2.000e-04> G_loss: 4.194e+00 TV_loss: 1.938e-02 Gradient_loss: 1.291e+00 l1_loss: 4.017e-01 Constrast_loss: 2.482e+00 
22-03-20 14:59:01.926 : Saving the model. Save path is:Model/Multi_Exposure_Fusion/Multi_Exposure_Fusion/models/30000_E.pth
22-03-20 15:02:12.349 : <epoch:319, iter:  30,200, lr:2.000e-04> G_loss: 3.892e+00 TV_loss: 1.575e-02 Gradient_loss: 8.224e-01 l1_loss: 5.393e-01 Constrast_loss: 2.515e+00 
22-03-20 15:04:00.025 : <epoch:323, iter:  30,400, lr:2.000e-04> G_loss: 5.674e+00 TV_loss: 5.020e-02 Gradient_loss: 1.451e+00 l1_loss: 6.543e-01 Constrast_loss: 3.519e+00 
22-03-20 15:05:38.518 : <epoch:326, iter:  30,600, lr:2.000e-04> G_loss: 3.527e+00 TV_loss: 2.402e-02 Gradient_loss: 8.510e-01 l1_loss: 7.792e-01 Constrast_loss: 1.873e+00 
22-03-20 15:07:17.361 : <epoch:329, iter:  30,800, lr:2.000e-04> G_loss: 3.235e+00 TV_loss: 4.046e-03 Gradient_loss: 8.876e-01 l1_loss: 1.387e-01 Constrast_loss: 2.205e+00 
22-03-20 15:09:05.145 : <epoch:333, iter:  31,000, lr:2.000e-04> G_loss: 4.955e+00 TV_loss: 7.092e-02 Gradient_loss: 9.146e-01 l1_loss: 8.598e-01 Constrast_loss: 3.109e+00 
22-03-20 15:09:05.156 : Saving the model. Save path is:Model/Multi_Exposure_Fusion/Multi_Exposure_Fusion/models/31000_E.pth
22-03-20 15:12:17.914 : <epoch:336, iter:  31,200, lr:2.000e-04> G_loss: 3.918e+00 TV_loss: 1.815e-02 Gradient_loss: 1.033e+00 l1_loss: 8.890e-01 Constrast_loss: 1.978e+00 
22-03-20 15:13:58.484 : <epoch:339, iter:  31,400, lr:2.000e-04> G_loss: 3.780e+00 TV_loss: 4.389e-03 Gradient_loss: 9.867e-01 l1_loss: 1.354e-01 Constrast_loss: 2.654e+00 
22-03-20 15:15:48.118 : <epoch:343, iter:  31,600, lr:2.000e-04> G_loss: 4.390e+00 TV_loss: 3.374e-02 Gradient_loss: 7.004e-01 l1_loss: 7.918e-01 Constrast_loss: 2.864e+00 
22-03-20 15:17:27.399 : <epoch:346, iter:  31,800, lr:2.000e-04> G_loss: 4.152e+00 TV_loss: 2.386e-02 Gradient_loss: 1.188e+00 l1_loss: 6.104e-01 Constrast_loss: 2.330e+00 
22-03-20 15:19:07.232 : <epoch:349, iter:  32,000, lr:2.000e-04> G_loss: 4.311e+00 TV_loss: 2.245e-02 Gradient_loss: 1.014e+00 l1_loss: 4.114e-01 Constrast_loss: 2.863e+00 
22-03-20 15:19:07.238 : Saving the model. Save path is:Model/Multi_Exposure_Fusion/Multi_Exposure_Fusion/models/32000_E.pth
22-03-20 15:22:29.811 : <epoch:353, iter:  32,200, lr:2.000e-04> G_loss: 5.247e+00 TV_loss: 9.556e-02 Gradient_loss: 1.154e+00 l1_loss: 1.223e+00 Constrast_loss: 2.774e+00 
22-03-20 15:24:08.468 : <epoch:356, iter:  32,400, lr:2.000e-04> G_loss: 4.447e+00 TV_loss: 5.011e-02 Gradient_loss: 1.337e+00 l1_loss: 1.034e+00 Constrast_loss: 2.026e+00 
22-03-20 15:25:48.600 : <epoch:359, iter:  32,600, lr:2.000e-04> G_loss: 3.451e+00 TV_loss: 7.357e-03 Gradient_loss: 9.806e-01 l1_loss: 2.152e-01 Constrast_loss: 2.248e+00 
22-03-20 15:27:38.017 : <epoch:363, iter:  32,800, lr:2.000e-04> G_loss: 4.251e+00 TV_loss: 1.171e-02 Gradient_loss: 7.028e-01 l1_loss: 3.605e-01 Constrast_loss: 3.176e+00 
22-03-20 15:29:18.265 : <epoch:366, iter:  33,000, lr:2.000e-04> G_loss: 3.979e+00 TV_loss: 1.926e-02 Gradient_loss: 1.156e+00 l1_loss: 4.784e-01 Constrast_loss: 2.325e+00 
22-03-20 15:29:18.270 : Saving the model. Save path is:Model/Multi_Exposure_Fusion/Multi_Exposure_Fusion/models/33000_E.pth
22-03-20 15:32:31.714 : <epoch:369, iter:  33,200, lr:2.000e-04> G_loss: 3.473e+00 TV_loss: 5.081e-03 Gradient_loss: 1.077e+00 l1_loss: 8.894e-02 Constrast_loss: 2.302e+00 
22-03-20 15:34:19.151 : <epoch:373, iter:  33,400, lr:2.000e-04> G_loss: 4.370e+00 TV_loss: 5.067e-02 Gradient_loss: 7.199e-01 l1_loss: 7.105e-01 Constrast_loss: 2.889e+00 
22-03-20 15:35:58.278 : <epoch:376, iter:  33,600, lr:2.000e-04> G_loss: 4.214e+00 TV_loss: 1.583e-02 Gradient_loss: 1.277e+00 l1_loss: 3.631e-01 Constrast_loss: 2.558e+00 
22-03-20 15:37:37.690 : <epoch:379, iter:  33,800, lr:2.000e-04> G_loss: 4.079e+00 TV_loss: 2.322e-02 Gradient_loss: 9.807e-01 l1_loss: 3.450e-01 Constrast_loss: 2.730e+00 
22-03-20 15:39:25.301 : <epoch:383, iter:  34,000, lr:2.000e-04> G_loss: 5.195e+00 TV_loss: 3.979e-02 Gradient_loss: 1.163e+00 l1_loss: 5.693e-01 Constrast_loss: 3.423e+00 
22-03-20 15:39:25.312 : Saving the model. Save path is:Model/Multi_Exposure_Fusion/Multi_Exposure_Fusion/models/34000_E.pth
22-03-20 15:42:38.268 : <epoch:386, iter:  34,200, lr:2.000e-04> G_loss: 4.222e+00 TV_loss: 2.251e-02 Gradient_loss: 1.221e+00 l1_loss: 5.911e-01 Constrast_loss: 2.387e+00 
22-03-20 15:44:18.578 : <epoch:389, iter:  34,400, lr:2.000e-04> G_loss: 4.354e+00 TV_loss: 4.593e-02 Gradient_loss: 1.006e+00 l1_loss: 6.690e-01 Constrast_loss: 2.633e+00 
22-03-20 15:46:06.023 : <epoch:393, iter:  34,600, lr:2.000e-04> G_loss: 4.447e+00 TV_loss: 4.261e-02 Gradient_loss: 6.893e-01 l1_loss: 1.198e+00 Constrast_loss: 2.517e+00 
22-03-20 15:47:45.778 : <epoch:396, iter:  34,800, lr:2.000e-04> G_loss: 3.976e+00 TV_loss: 1.510e-02 Gradient_loss: 1.151e+00 l1_loss: 5.888e-01 Constrast_loss: 2.220e+00 
22-03-20 15:49:24.888 : <epoch:399, iter:  35,000, lr:2.000e-04> G_loss: 4.581e+00 TV_loss: 3.483e-02 Gradient_loss: 9.828e-01 l1_loss: 5.534e-01 Constrast_loss: 3.010e+00 
22-03-20 15:49:24.893 : Saving the model. Save path is:Model/Multi_Exposure_Fusion/Multi_Exposure_Fusion/models/35000_E.pth
22-04-04 16:59:12.750 :   task: Multi_Exposure_Fusion
  model: plain
  gpu_ids: [0, 1, 2]
  dist: True
  scale: 1
  n_channels: 1
  path:[
    root: Model/Multi_Exposure_Fusion
    pretrained_netG: Model/Multi_Exposure_Fusion/Multi_Exposure_Fusion/models/10000_G.pth
    pretrained_netE: Model/Multi_Exposure_Fusion/Multi_Exposure_Fusion/models/10000_E.pth
    task: Model/Multi_Exposure_Fusion/Multi_Exposure_Fusion
    log: Model/Multi_Exposure_Fusion/Multi_Exposure_Fusion
    options: Model/Multi_Exposure_Fusion/Multi_Exposure_Fusion/options
    models: Model/Multi_Exposure_Fusion/Multi_Exposure_Fusion/models
    images: Model/Multi_Exposure_Fusion/Multi_Exposure_Fusion/images
    pretrained_optimizerG: Model/Multi_Exposure_Fusion/Multi_Exposure_Fusion/models/10000_optimizerG.pth
  ]
  datasets:[
    train:[
      name: train_dataset
      dataset_type: mef
      dataroot_A: Dataset/trainsets/MEF/under
      dataroot_B: Dataset/trainsets/MEF/over
      dataroot_GT: Dataset/trainsets/MEF/GT
      H_size: 128
      dataloader_shuffle: True
      dataloader_num_workers: 8
      dataloader_batch_size: 8
      phase: train
      scale: 1
      n_channels: 1
    ]
    test:[
      name: test_dataset
      dataset_type: mef
      dataroot_A: Dataset/valsets/test1/under
      dataroot_B: Dataset/valsets/test1/over
      dataroot_GT: Dataset/valsets/test1/GT
      phase: test
      scale: 1
      n_channels: 1
    ]
  ]
  netG:[
    net_type: swinfusion1
    upscale: 1
    in_chans: 1
    img_size: 128
    window_size: 8
    img_range: 1.0
    depths: [6, 6, 6, 6]
    embed_dim: 60
    num_heads: [6, 6, 6, 6]
    mlp_ratio: 2
    upsampler: None
    resi_connection: 1conv
    init_type: default
    scale: 1
  ]
  train:[
    G_lossfn_type: mef
    G_lossfn_weight: 1.0
    E_decay: 0.999
    G_optimizer_type: adam
    G_optimizer_lr: 0.0002
    G_optimizer_wd: 0
    G_optimizer_clipgrad: None
    G_optimizer_reuse: True
    G_scheduler_type: MultiStepLR
    G_scheduler_milestones: [250000, 400000, 450000, 475000, 500000]
    G_scheduler_gamma: 0.5
    G_regularizer_orthstep: None
    G_regularizer_clipstep: None
    G_param_strict: True
    E_param_strict: True
    checkpoint_test: 1000
    checkpoint_save: 1000
    checkpoint_print: 200
    F_feature_layer: 34
    F_weights: 1.0
    F_lossfn_type: l1
    F_use_input_norm: True
    F_use_range_norm: False
  ]
  opt_path: options/swinir/train_swinfusion_mef.json
  is_train: True
  merge_bn: False
  merge_bn_startpoint: -1
  find_unused_parameters: True
  num_gpu: 3
  rank: 0
  world_size: 3

22-04-04 16:59:12.753 : Number of train images: 360, iters: 45
22-04-04 17:01:09.384 : <epoch:  3, iter:  10,200, lr:2.000e-04> G_loss: 4.110e+00 TV_loss: 5.665e-02 Gradient_loss: 1.209e+00 l1_loss: 8.708e-01 Constrast_loss: 1.973e+00 
