22-02-25 11:51:13.328 :   task: Multi_Focus_Fusion
  model: plain
  gpu_ids: [0, 1, 2]
  dist: True
  scale: 1
  n_channels: 1
  path:[
    root: Model/Multi_Focus_Fusion
    pretrained_netG: None
    pretrained_netE: None
    task: Model/Multi_Focus_Fusion/Multi_Focus_Fusion
    log: Model/Multi_Focus_Fusion/Multi_Focus_Fusion
    options: Model/Multi_Focus_Fusion/Multi_Focus_Fusion/options
    models: Model/Multi_Focus_Fusion/Multi_Focus_Fusion/models
    images: Model/Multi_Focus_Fusion/Multi_Focus_Fusion/images
    pretrained_optimizerG: None
  ]
  datasets:[
    train:[
      name: train_dataset
      dataset_type: mff
      dataroot_A: Dataset/trainsets/Lytro/A_Y
      dataroot_B: Dataset/trainsets/Lytro/B_Y
      dataroot_GT: Dataset/trainsets/Lytro/GT
      H_size: 128
      dataloader_shuffle: True
      dataloader_num_workers: 8
      dataloader_batch_size: 9
      phase: train
      scale: 1
      n_channels: 1
    ]
    test:[
      name: test_dataset
      dataset_type: mff
      dataroot_A: Dataset/valsets/Lytro/A_Y
      dataroot_B: Dataset/valsets/Lytro/B_Y
      dataroot_GT: Dataset/valsets/Lytro/GT_Y
      phase: test
      scale: 1
      n_channels: 1
    ]
  ]
  netG:[
    net_type: swinfusion1
    upscale: 1
    in_chans: 1
    img_size: 128
    window_size: 8
    img_range: 1.0
    depths: [6, 6, 6, 6]
    embed_dim: 60
    num_heads: [6, 6, 6, 6]
    mlp_ratio: 2
    upsampler: None
    resi_connection: 1conv
    init_type: default
    scale: 1
  ]
  train:[
    G_lossfn_type: mff
    G_lossfn_weight: 1.0
    E_decay: 0.999
    G_optimizer_type: adam
    G_optimizer_lr: 0.0002
    G_optimizer_wd: 0
    G_optimizer_clipgrad: None
    G_optimizer_reuse: True
    G_scheduler_type: MultiStepLR
    G_scheduler_milestones: [250000, 400000, 450000, 475000, 500000]
    G_scheduler_gamma: 0.5
    G_regularizer_orthstep: None
    G_regularizer_clipstep: None
    G_param_strict: True
    E_param_strict: True
    checkpoint_test: 1000
    checkpoint_save: 1000
    checkpoint_print: 200
    F_feature_layer: 34
    F_weights: 1.0
    F_lossfn_type: l1
    F_use_input_norm: True
    F_use_range_norm: False
  ]
  opt_path: options/swinir/train_swinfusion_mff.json
  is_train: True
  merge_bn: False
  merge_bn_startpoint: -1
  find_unused_parameters: True
  num_gpu: 3
  rank: 0
  world_size: 3

22-02-25 11:51:13.332 : Number of train images: 500, iters: 56
22-02-25 11:54:49.959 : <epoch:  3, iter:     200, lr:2.000e-04> G_loss: 4.923e+00 TV_loss: 6.861e-02 Gradient_loss: 1.331e+00 l1_loss: 4.761e-01 Constrast_loss: 3.047e+00 
22-02-25 11:58:29.902 : <epoch:  7, iter:     400, lr:2.000e-04> G_loss: 6.034e+00 TV_loss: 1.936e-01 Gradient_loss: 1.685e+00 l1_loss: 8.631e-01 Constrast_loss: 3.293e+00 
22-02-25 12:02:08.833 : <epoch: 10, iter:     600, lr:2.000e-04> G_loss: 2.213e+00 TV_loss: 3.706e-02 Gradient_loss: 5.459e-01 l1_loss: 3.234e-01 Constrast_loss: 1.307e+00 
22-02-25 12:05:48.269 : <epoch: 14, iter:     800, lr:2.000e-04> G_loss: 4.117e+00 TV_loss: 1.369e-01 Gradient_loss: 1.190e+00 l1_loss: 5.552e-01 Constrast_loss: 2.236e+00 
22-02-25 12:09:27.614 : <epoch: 18, iter:   1,000, lr:2.000e-04> G_loss: 4.178e+00 TV_loss: 7.798e-02 Gradient_loss: 8.739e-01 l1_loss: 4.028e-01 Constrast_loss: 2.823e+00 
22-02-25 12:09:27.623 : Saving the model. Save path is:Model/Multi_Focus_Fusion/Multi_Focus_Fusion/models/1000_E.pth
22-02-25 12:13:29.529 : <epoch: 21, iter:   1,200, lr:2.000e-04> G_loss: 3.476e+00 TV_loss: 7.029e-02 Gradient_loss: 7.158e-01 l1_loss: 3.735e-01 Constrast_loss: 2.317e+00 
22-02-25 12:17:11.177 : <epoch: 25, iter:   1,400, lr:2.000e-04> G_loss: 2.857e+00 TV_loss: 3.912e-02 Gradient_loss: 7.290e-01 l1_loss: 3.091e-01 Constrast_loss: 1.779e+00 
22-02-25 12:20:52.531 : <epoch: 29, iter:   1,600, lr:2.000e-04> G_loss: 2.458e+00 TV_loss: 2.120e-02 Gradient_loss: 7.156e-01 l1_loss: 4.069e-01 Constrast_loss: 1.314e+00 
22-02-25 12:24:34.252 : <epoch: 32, iter:   1,800, lr:2.000e-04> G_loss: 4.664e+00 TV_loss: 1.594e-01 Gradient_loss: 9.833e-01 l1_loss: 6.281e-01 Constrast_loss: 2.893e+00 
22-02-25 12:28:16.472 : <epoch: 36, iter:   2,000, lr:2.000e-04> G_loss: 3.224e+00 TV_loss: 4.644e-02 Gradient_loss: 8.491e-01 l1_loss: 4.141e-01 Constrast_loss: 1.915e+00 
22-02-25 12:28:16.477 : Saving the model. Save path is:Model/Multi_Focus_Fusion/Multi_Focus_Fusion/models/2000_E.pth
22-02-25 12:32:20.999 : <epoch: 39, iter:   2,200, lr:2.000e-04> G_loss: 4.615e+00 TV_loss: 8.955e-02 Gradient_loss: 1.002e+00 l1_loss: 4.349e-01 Constrast_loss: 3.088e+00 
22-02-25 12:36:02.119 : <epoch: 43, iter:   2,400, lr:2.000e-04> G_loss: 4.517e+00 TV_loss: 7.835e-02 Gradient_loss: 7.630e-01 l1_loss: 4.403e-01 Constrast_loss: 3.236e+00 
22-02-25 12:39:42.744 : <epoch: 47, iter:   2,600, lr:2.000e-04> G_loss: 5.267e+00 TV_loss: 2.612e-01 Gradient_loss: 1.084e+00 l1_loss: 7.153e-01 Constrast_loss: 3.206e+00 
22-02-25 12:43:22.675 : <epoch: 50, iter:   2,800, lr:2.000e-04> G_loss: 2.040e+00 TV_loss: 2.880e-02 Gradient_loss: 4.874e-01 l1_loss: 2.105e-01 Constrast_loss: 1.314e+00 
22-02-25 12:47:03.740 : <epoch: 54, iter:   3,000, lr:2.000e-04> G_loss: 2.921e+00 TV_loss: 5.251e-02 Gradient_loss: 5.927e-01 l1_loss: 4.390e-01 Constrast_loss: 1.836e+00 
22-02-25 12:47:03.751 : Saving the model. Save path is:Model/Multi_Focus_Fusion/Multi_Focus_Fusion/models/3000_E.pth
22-02-25 12:51:08.292 : <epoch: 58, iter:   3,200, lr:2.000e-04> G_loss: 3.827e+00 TV_loss: 1.022e-01 Gradient_loss: 6.270e-01 l1_loss: 4.760e-01 Constrast_loss: 2.621e+00 
22-02-25 12:54:49.051 : <epoch: 61, iter:   3,400, lr:2.000e-04> G_loss: 3.752e+00 TV_loss: 9.559e-02 Gradient_loss: 8.632e-01 l1_loss: 4.087e-01 Constrast_loss: 2.384e+00 
22-02-25 12:58:30.307 : <epoch: 65, iter:   3,600, lr:2.000e-04> G_loss: 2.798e+00 TV_loss: 2.944e-02 Gradient_loss: 7.706e-01 l1_loss: 4.685e-01 Constrast_loss: 1.530e+00 
22-02-25 13:02:11.466 : <epoch: 69, iter:   3,800, lr:2.000e-04> G_loss: 2.428e+00 TV_loss: 2.969e-02 Gradient_loss: 6.725e-01 l1_loss: 2.953e-01 Constrast_loss: 1.431e+00 
22-02-25 13:05:52.461 : <epoch: 72, iter:   4,000, lr:2.000e-04> G_loss: 4.203e+00 TV_loss: 1.442e-01 Gradient_loss: 6.216e-01 l1_loss: 5.148e-01 Constrast_loss: 2.922e+00 
22-02-25 13:05:52.467 : Saving the model. Save path is:Model/Multi_Focus_Fusion/Multi_Focus_Fusion/models/4000_E.pth
22-02-25 13:09:55.702 : <epoch: 76, iter:   4,200, lr:2.000e-04> G_loss: 3.037e+00 TV_loss: 6.747e-02 Gradient_loss: 7.251e-01 l1_loss: 4.231e-01 Constrast_loss: 1.821e+00 
22-02-25 13:13:37.694 : <epoch: 79, iter:   4,400, lr:2.000e-04> G_loss: 4.184e+00 TV_loss: 7.406e-02 Gradient_loss: 8.799e-01 l1_loss: 4.079e-01 Constrast_loss: 2.822e+00 
22-02-25 13:17:20.085 : <epoch: 83, iter:   4,600, lr:2.000e-04> G_loss: 4.430e+00 TV_loss: 7.238e-02 Gradient_loss: 8.194e-01 l1_loss: 4.542e-01 Constrast_loss: 3.084e+00 
22-02-25 13:21:02.524 : <epoch: 87, iter:   4,800, lr:2.000e-04> G_loss: 5.086e+00 TV_loss: 2.242e-01 Gradient_loss: 1.175e+00 l1_loss: 6.121e-01 Constrast_loss: 3.075e+00 
22-02-25 13:24:44.761 : <epoch: 90, iter:   5,000, lr:2.000e-04> G_loss: 2.030e+00 TV_loss: 3.437e-02 Gradient_loss: 4.701e-01 l1_loss: 2.128e-01 Constrast_loss: 1.313e+00 
22-02-25 13:24:44.761 : Saving the model. Save path is:Model/Multi_Focus_Fusion/Multi_Focus_Fusion/models/5000_E.pth
22-02-25 13:28:52.146 : <epoch: 94, iter:   5,200, lr:2.000e-04> G_loss: 3.391e+00 TV_loss: 1.568e-01 Gradient_loss: 6.144e-01 l1_loss: 5.804e-01 Constrast_loss: 2.039e+00 
22-02-25 13:32:34.037 : <epoch: 98, iter:   5,400, lr:2.000e-04> G_loss: 3.543e+00 TV_loss: 1.157e-01 Gradient_loss: 6.296e-01 l1_loss: 5.011e-01 Constrast_loss: 2.297e+00 
22-02-25 13:36:16.268 : <epoch:101, iter:   5,600, lr:2.000e-04> G_loss: 3.654e+00 TV_loss: 8.827e-02 Gradient_loss: 8.049e-01 l1_loss: 4.000e-01 Constrast_loss: 2.360e+00 
22-02-25 13:39:58.801 : <epoch:105, iter:   5,800, lr:2.000e-04> G_loss: 3.056e+00 TV_loss: 4.912e-02 Gradient_loss: 7.060e-01 l1_loss: 4.554e-01 Constrast_loss: 1.845e+00 
22-02-25 13:43:40.877 : <epoch:109, iter:   6,000, lr:2.000e-04> G_loss: 2.084e+00 TV_loss: 1.351e-02 Gradient_loss: 5.651e-01 l1_loss: 2.758e-01 Constrast_loss: 1.229e+00 
22-02-25 13:43:40.883 : Saving the model. Save path is:Model/Multi_Focus_Fusion/Multi_Focus_Fusion/models/6000_E.pth
22-02-25 13:47:43.554 : <epoch:112, iter:   6,200, lr:2.000e-04> G_loss: 4.663e+00 TV_loss: 2.215e-01 Gradient_loss: 6.970e-01 l1_loss: 6.504e-01 Constrast_loss: 3.094e+00 
22-02-25 13:51:25.395 : <epoch:116, iter:   6,400, lr:2.000e-04> G_loss: 2.988e+00 TV_loss: 5.527e-02 Gradient_loss: 6.666e-01 l1_loss: 3.071e-01 Constrast_loss: 1.959e+00 
22-02-25 13:55:07.478 : <epoch:119, iter:   6,600, lr:2.000e-04> G_loss: 5.036e+00 TV_loss: 1.665e-01 Gradient_loss: 8.390e-01 l1_loss: 5.929e-01 Constrast_loss: 3.438e+00 
22-02-25 13:58:49.949 : <epoch:123, iter:   6,800, lr:2.000e-04> G_loss: 4.473e+00 TV_loss: 5.818e-02 Gradient_loss: 7.264e-01 l1_loss: 3.999e-01 Constrast_loss: 3.288e+00 
22-02-25 14:02:31.006 : <epoch:127, iter:   7,000, lr:2.000e-04> G_loss: 6.094e+00 TV_loss: 3.086e-01 Gradient_loss: 1.237e+00 l1_loss: 8.110e-01 Constrast_loss: 3.737e+00 
22-02-25 14:02:31.017 : Saving the model. Save path is:Model/Multi_Focus_Fusion/Multi_Focus_Fusion/models/7000_E.pth
22-02-25 14:06:38.894 : <epoch:130, iter:   7,200, lr:2.000e-04> G_loss: 1.737e+00 TV_loss: 3.778e-02 Gradient_loss: 4.263e-01 l1_loss: 2.165e-01 Constrast_loss: 1.057e+00 
22-02-25 14:10:21.281 : <epoch:134, iter:   7,400, lr:2.000e-04> G_loss: 3.502e+00 TV_loss: 2.308e-01 Gradient_loss: 6.956e-01 l1_loss: 6.274e-01 Constrast_loss: 1.948e+00 
22-02-25 14:14:01.804 : <epoch:138, iter:   7,600, lr:2.000e-04> G_loss: 2.767e+00 TV_loss: 7.432e-02 Gradient_loss: 5.140e-01 l1_loss: 3.482e-01 Constrast_loss: 1.830e+00 
22-02-25 14:17:42.862 : <epoch:141, iter:   7,800, lr:2.000e-04> G_loss: 3.064e+00 TV_loss: 5.877e-02 Gradient_loss: 7.141e-01 l1_loss: 3.017e-01 Constrast_loss: 1.989e+00 
22-02-25 14:21:24.386 : <epoch:145, iter:   8,000, lr:2.000e-04> G_loss: 2.503e+00 TV_loss: 3.979e-02 Gradient_loss: 5.967e-01 l1_loss: 2.753e-01 Constrast_loss: 1.592e+00 
22-02-25 14:21:24.392 : Saving the model. Save path is:Model/Multi_Focus_Fusion/Multi_Focus_Fusion/models/8000_E.pth
22-02-25 14:25:32.523 : <epoch:149, iter:   8,200, lr:2.000e-04> G_loss: 1.597e+00 TV_loss: 9.495e-03 Gradient_loss: 4.665e-01 l1_loss: 1.625e-01 Constrast_loss: 9.590e-01 
22-02-25 14:29:14.249 : <epoch:152, iter:   8,400, lr:2.000e-04> G_loss: 4.753e+00 TV_loss: 2.573e-01 Gradient_loss: 7.778e-01 l1_loss: 6.580e-01 Constrast_loss: 3.059e+00 
22-02-25 14:32:56.819 : <epoch:156, iter:   8,600, lr:2.000e-04> G_loss: 2.777e+00 TV_loss: 6.616e-02 Gradient_loss: 6.218e-01 l1_loss: 3.695e-01 Constrast_loss: 1.720e+00 
22-02-25 14:36:38.832 : <epoch:159, iter:   8,800, lr:2.000e-04> G_loss: 4.345e+00 TV_loss: 8.718e-02 Gradient_loss: 8.115e-01 l1_loss: 4.352e-01 Constrast_loss: 3.011e+00 
22-02-25 14:40:21.217 : <epoch:163, iter:   9,000, lr:2.000e-04> G_loss: 3.545e+00 TV_loss: 6.622e-02 Gradient_loss: 5.447e-01 l1_loss: 3.929e-01 Constrast_loss: 2.541e+00 
22-02-25 14:40:21.223 : Saving the model. Save path is:Model/Multi_Focus_Fusion/Multi_Focus_Fusion/models/9000_E.pth
22-02-25 14:44:28.890 : <epoch:167, iter:   9,200, lr:2.000e-04> G_loss: 5.344e+00 TV_loss: 2.429e-01 Gradient_loss: 1.022e+00 l1_loss: 6.814e-01 Constrast_loss: 3.398e+00 
22-02-25 14:48:12.377 : <epoch:170, iter:   9,400, lr:2.000e-04> G_loss: 1.939e+00 TV_loss: 2.994e-02 Gradient_loss: 4.409e-01 l1_loss: 2.343e-01 Constrast_loss: 1.234e+00 
22-02-25 14:51:56.290 : <epoch:174, iter:   9,600, lr:2.000e-04> G_loss: 2.784e+00 TV_loss: 5.573e-02 Gradient_loss: 5.088e-01 l1_loss: 3.823e-01 Constrast_loss: 1.837e+00 
22-02-25 14:55:39.725 : <epoch:178, iter:   9,800, lr:2.000e-04> G_loss: 3.770e+00 TV_loss: 1.108e-01 Gradient_loss: 6.302e-01 l1_loss: 4.919e-01 Constrast_loss: 2.537e+00 
22-02-25 14:59:23.689 : <epoch:181, iter:  10,000, lr:2.000e-04> G_loss: 3.942e+00 TV_loss: 8.580e-02 Gradient_loss: 8.247e-01 l1_loss: 4.752e-01 Constrast_loss: 2.556e+00 
22-02-25 14:59:23.695 : Saving the model. Save path is:Model/Multi_Focus_Fusion/Multi_Focus_Fusion/models/10000_E.pth
22-02-25 15:03:33.732 : <epoch:185, iter:  10,200, lr:2.000e-04> G_loss: 2.516e+00 TV_loss: 4.715e-02 Gradient_loss: 5.780e-01 l1_loss: 3.034e-01 Constrast_loss: 1.587e+00 
22-02-25 15:07:18.714 : <epoch:189, iter:  10,400, lr:2.000e-04> G_loss: 1.983e+00 TV_loss: 1.276e-02 Gradient_loss: 6.526e-01 l1_loss: 2.462e-01 Constrast_loss: 1.071e+00 
22-02-25 15:11:03.371 : <epoch:192, iter:  10,600, lr:2.000e-04> G_loss: 3.465e+00 TV_loss: 1.697e-01 Gradient_loss: 6.088e-01 l1_loss: 5.384e-01 Constrast_loss: 2.148e+00 
22-02-25 15:14:48.028 : <epoch:196, iter:  10,800, lr:2.000e-04> G_loss: 3.002e+00 TV_loss: 4.516e-02 Gradient_loss: 7.569e-01 l1_loss: 3.761e-01 Constrast_loss: 1.824e+00 
22-02-25 15:18:32.445 : <epoch:199, iter:  11,000, lr:2.000e-04> G_loss: 4.683e+00 TV_loss: 1.564e-01 Gradient_loss: 8.918e-01 l1_loss: 5.269e-01 Constrast_loss: 3.108e+00 
22-02-25 15:18:32.451 : Saving the model. Save path is:Model/Multi_Focus_Fusion/Multi_Focus_Fusion/models/11000_E.pth
22-02-25 15:53:16.040 :   task: Multi_Focus_Fusion
  model: plain
  gpu_ids: [0, 1, 2]
  dist: True
  scale: 1
  n_channels: 1
  path:[
    root: Model/Multi_Focus_Fusion
    pretrained_netG: Model/Multi_Focus_Fusion/Multi_Focus_Fusion/models/11000_G.pth
    pretrained_netE: Model/Multi_Focus_Fusion/Multi_Focus_Fusion/models/11000_E.pth
    task: Model/Multi_Focus_Fusion/Multi_Focus_Fusion
    log: Model/Multi_Focus_Fusion/Multi_Focus_Fusion
    options: Model/Multi_Focus_Fusion/Multi_Focus_Fusion/options
    models: Model/Multi_Focus_Fusion/Multi_Focus_Fusion/models
    images: Model/Multi_Focus_Fusion/Multi_Focus_Fusion/images
    pretrained_optimizerG: Model/Multi_Focus_Fusion/Multi_Focus_Fusion/models/11000_optimizerG.pth
  ]
  datasets:[
    train:[
      name: train_dataset
      dataset_type: mff
      dataroot_A: Dataset/trainsets/Lytro/A_Y
      dataroot_B: Dataset/trainsets/Lytro/B_Y
      dataroot_GT: Dataset/trainsets/Lytro/GT
      H_size: 128
      dataloader_shuffle: True
      dataloader_num_workers: 8
      dataloader_batch_size: 9
      phase: train
      scale: 1
      n_channels: 1
    ]
    test:[
      name: test_dataset
      dataset_type: mff
      dataroot_A: Dataset/valsets/Lytro/A_Y
      dataroot_B: Dataset/valsets/Lytro/B_Y
      dataroot_GT: Dataset/valsets/Lytro/GT_Y
      phase: test
      scale: 1
      n_channels: 1
    ]
  ]
  netG:[
    net_type: swinfusion1
    upscale: 1
    in_chans: 1
    img_size: 128
    window_size: 8
    img_range: 1.0
    depths: [6, 6, 6, 6]
    embed_dim: 60
    num_heads: [6, 6, 6, 6]
    mlp_ratio: 2
    upsampler: None
    resi_connection: 1conv
    init_type: default
    scale: 1
  ]
  train:[
    G_lossfn_type: mff
    G_lossfn_weight: 1.0
    E_decay: 0.999
    G_optimizer_type: adam
    G_optimizer_lr: 0.0002
    G_optimizer_wd: 0
    G_optimizer_clipgrad: None
    G_optimizer_reuse: True
    G_scheduler_type: MultiStepLR
    G_scheduler_milestones: [250000, 400000, 450000, 475000, 500000]
    G_scheduler_gamma: 0.5
    G_regularizer_orthstep: None
    G_regularizer_clipstep: None
    G_param_strict: True
    E_param_strict: True
    checkpoint_test: 1000
    checkpoint_save: 1000
    checkpoint_print: 200
    F_feature_layer: 34
    F_weights: 1.0
    F_lossfn_type: l1
    F_use_input_norm: True
    F_use_range_norm: False
  ]
  opt_path: options/swinir/train_swinfusion_mff.json
  is_train: True
  merge_bn: False
  merge_bn_startpoint: -1
  find_unused_parameters: True
  num_gpu: 3
  rank: 0
  world_size: 3

22-02-25 15:53:16.044 : Number of train images: 500, iters: 56
22-02-25 15:55:19.525 : <epoch:  3, iter:  11,200, lr:2.000e-04> G_loss: 4.407e+00 TV_loss: 5.915e-02 Gradient_loss: 6.482e-01 l1_loss: 3.055e-01 Constrast_loss: 3.395e+00 
22-02-25 15:57:21.716 : <epoch:  7, iter:  11,400, lr:2.000e-04> G_loss: 3.258e+00 TV_loss: 4.304e-02 Gradient_loss: 8.106e-01 l1_loss: 2.216e-01 Constrast_loss: 2.183e+00 
22-02-25 15:59:22.586 : <epoch: 10, iter:  11,600, lr:2.000e-04> G_loss: 3.980e+00 TV_loss: 1.131e-01 Gradient_loss: 7.228e-01 l1_loss: 3.195e-01 Constrast_loss: 2.824e+00 
22-02-25 16:01:22.823 : <epoch: 14, iter:  11,800, lr:2.000e-04> G_loss: 2.802e+00 TV_loss: 1.262e-01 Gradient_loss: 6.660e-01 l1_loss: 2.624e-01 Constrast_loss: 1.748e+00 
22-02-25 16:03:23.209 : <epoch: 18, iter:  12,000, lr:2.000e-04> G_loss: 3.093e+00 TV_loss: 9.658e-02 Gradient_loss: 5.130e-01 l1_loss: 2.996e-01 Constrast_loss: 2.184e+00 
22-02-25 16:03:23.215 : Saving the model. Save path is:Model/Multi_Focus_Fusion/Multi_Focus_Fusion/models/12000_E.pth
22-02-25 16:05:43.786 : <epoch: 21, iter:  12,200, lr:2.000e-04> G_loss: 2.323e+00 TV_loss: 2.647e-02 Gradient_loss: 5.453e-01 l1_loss: 1.325e-01 Constrast_loss: 1.619e+00 
22-02-25 16:07:44.141 : <epoch: 25, iter:  12,400, lr:2.000e-04> G_loss: 1.857e+00 TV_loss: 3.543e-02 Gradient_loss: 4.120e-01 l1_loss: 2.246e-01 Constrast_loss: 1.185e+00 
22-02-25 16:09:44.079 : <epoch: 29, iter:  12,600, lr:2.000e-04> G_loss: 3.338e+00 TV_loss: 1.101e-01 Gradient_loss: 5.968e-01 l1_loss: 2.847e-01 Constrast_loss: 2.346e+00 
22-02-25 16:11:45.275 : <epoch: 32, iter:  12,800, lr:2.000e-04> G_loss: 1.783e+00 TV_loss: 1.957e-02 Gradient_loss: 5.428e-01 l1_loss: 1.090e-01 Constrast_loss: 1.111e+00 
22-02-25 16:13:45.000 : <epoch: 36, iter:  13,000, lr:2.000e-04> G_loss: 1.751e+00 TV_loss: 1.975e-02 Gradient_loss: 4.921e-01 l1_loss: 1.159e-01 Constrast_loss: 1.123e+00 
22-02-25 16:13:45.011 : Saving the model. Save path is:Model/Multi_Focus_Fusion/Multi_Focus_Fusion/models/13000_E.pth
22-02-25 16:16:04.928 : <epoch: 39, iter:  13,200, lr:2.000e-04> G_loss: 3.286e+00 TV_loss: 4.506e-02 Gradient_loss: 5.826e-01 l1_loss: 1.658e-01 Constrast_loss: 2.492e+00 
22-02-25 16:18:06.198 : <epoch: 43, iter:  13,400, lr:2.000e-04> G_loss: 4.785e+00 TV_loss: 6.560e-02 Gradient_loss: 6.519e-01 l1_loss: 3.453e-01 Constrast_loss: 3.722e+00 
22-02-25 16:20:06.804 : <epoch: 47, iter:  13,600, lr:2.000e-04> G_loss: 3.466e+00 TV_loss: 6.513e-02 Gradient_loss: 7.167e-01 l1_loss: 2.529e-01 Constrast_loss: 2.431e+00 
22-02-25 16:22:07.266 : <epoch: 50, iter:  13,800, lr:2.000e-04> G_loss: 4.025e+00 TV_loss: 1.587e-01 Gradient_loss: 7.740e-01 l1_loss: 4.294e-01 Constrast_loss: 2.663e+00 
22-02-25 16:24:08.218 : <epoch: 54, iter:  14,000, lr:2.000e-04> G_loss: 2.796e+00 TV_loss: 1.299e-01 Gradient_loss: 5.930e-01 l1_loss: 2.647e-01 Constrast_loss: 1.808e+00 
22-02-25 16:24:08.224 : Saving the model. Save path is:Model/Multi_Focus_Fusion/Multi_Focus_Fusion/models/14000_E.pth
22-02-25 16:36:31.667 :   task: Multi_Focus_Fusion
  model: plain
  gpu_ids: [0, 1, 2]
  dist: True
  scale: 1
  n_channels: 1
  path:[
    root: Model/Multi_Focus_Fusion
    pretrained_netG: Model/Multi_Focus_Fusion/Multi_Focus_Fusion/models/14000_G.pth
    pretrained_netE: Model/Multi_Focus_Fusion/Multi_Focus_Fusion/models/14000_E.pth
    task: Model/Multi_Focus_Fusion/Multi_Focus_Fusion
    log: Model/Multi_Focus_Fusion/Multi_Focus_Fusion
    options: Model/Multi_Focus_Fusion/Multi_Focus_Fusion/options
    models: Model/Multi_Focus_Fusion/Multi_Focus_Fusion/models
    images: Model/Multi_Focus_Fusion/Multi_Focus_Fusion/images
    pretrained_optimizerG: Model/Multi_Focus_Fusion/Multi_Focus_Fusion/models/14000_optimizerG.pth
  ]
  datasets:[
    train:[
      name: train_dataset
      dataset_type: mff
      dataroot_A: Dataset/trainsets/Lytro/A_Y
      dataroot_B: Dataset/trainsets/Lytro/B_Y
      dataroot_GT: Dataset/trainsets/Lytro/GT
      H_size: 128
      dataloader_shuffle: True
      dataloader_num_workers: 8
      dataloader_batch_size: 9
      phase: train
      scale: 1
      n_channels: 1
    ]
    test:[
      name: test_dataset
      dataset_type: mff
      dataroot_A: Dataset/valsets/Lytro/A_Y
      dataroot_B: Dataset/valsets/Lytro/B_Y
      dataroot_GT: Dataset/valsets/Lytro/GT_Y
      phase: test
      scale: 1
      n_channels: 1
    ]
  ]
  netG:[
    net_type: swinfusion1
    upscale: 1
    in_chans: 1
    img_size: 128
    window_size: 8
    img_range: 1.0
    depths: [6, 6, 6, 6]
    embed_dim: 60
    num_heads: [6, 6, 6, 6]
    mlp_ratio: 2
    upsampler: None
    resi_connection: 1conv
    init_type: default
    scale: 1
  ]
  train:[
    G_lossfn_type: mff
    G_lossfn_weight: 1.0
    E_decay: 0.999
    G_optimizer_type: adam
    G_optimizer_lr: 0.0002
    G_optimizer_wd: 0
    G_optimizer_clipgrad: None
    G_optimizer_reuse: True
    G_scheduler_type: MultiStepLR
    G_scheduler_milestones: [250000, 400000, 450000, 475000, 500000]
    G_scheduler_gamma: 0.5
    G_regularizer_orthstep: None
    G_regularizer_clipstep: None
    G_param_strict: True
    E_param_strict: True
    checkpoint_test: 1000
    checkpoint_save: 1000
    checkpoint_print: 200
    F_feature_layer: 34
    F_weights: 1.0
    F_lossfn_type: l1
    F_use_input_norm: True
    F_use_range_norm: False
  ]
  opt_path: options/swinir/train_swinfusion_mff.json
  is_train: True
  merge_bn: False
  merge_bn_startpoint: -1
  find_unused_parameters: True
  num_gpu: 3
  rank: 0
  world_size: 3

22-02-25 16:36:31.671 : Number of train images: 500, iters: 56
22-02-25 16:38:22.326 : <epoch:  3, iter:  14,200, lr:2.000e-04> G_loss: 5.006e+00 TV_loss: 5.116e-02 Gradient_loss: 1.512e+00 l1_loss: 4.520e-01 Constrast_loss: 2.991e+00 
22-02-25 16:40:17.078 : <epoch:  7, iter:  14,400, lr:2.000e-04> G_loss: 2.695e+00 TV_loss: 1.308e-02 Gradient_loss: 6.506e-01 l1_loss: 2.057e-01 Constrast_loss: 1.826e+00 
22-02-25 16:42:16.072 : <epoch: 10, iter:  14,600, lr:2.000e-04> G_loss: 4.298e+00 TV_loss: 5.790e-02 Gradient_loss: 1.258e+00 l1_loss: 4.300e-01 Constrast_loss: 2.551e+00 
22-02-25 16:44:17.184 : <epoch: 14, iter:  14,800, lr:2.000e-04> G_loss: 4.730e+00 TV_loss: 6.952e-02 Gradient_loss: 1.279e+00 l1_loss: 4.034e-01 Constrast_loss: 2.978e+00 
22-02-25 16:46:18.120 : <epoch: 18, iter:  15,000, lr:2.000e-04> G_loss: 6.901e+00 TV_loss: 1.052e-01 Gradient_loss: 1.026e+00 l1_loss: 6.886e-01 Constrast_loss: 5.081e+00 
22-02-25 16:46:18.125 : Saving the model. Save path is:Model/Multi_Focus_Fusion/Multi_Focus_Fusion/models/15000_E.pth
22-02-25 16:48:38.537 : <epoch: 21, iter:  15,200, lr:2.000e-04> G_loss: 2.402e+00 TV_loss: 4.601e-02 Gradient_loss: 7.134e-01 l1_loss: 3.880e-01 Constrast_loss: 1.254e+00 
22-02-25 16:50:38.753 : <epoch: 25, iter:  15,400, lr:2.000e-04> G_loss: 3.389e+00 TV_loss: 1.948e-02 Gradient_loss: 1.176e+00 l1_loss: 2.712e-01 Constrast_loss: 1.923e+00 
22-02-25 16:52:38.363 : <epoch: 29, iter:  15,600, lr:2.000e-04> G_loss: 3.938e+00 TV_loss: 3.710e-02 Gradient_loss: 1.003e+00 l1_loss: 3.711e-01 Constrast_loss: 2.527e+00 
22-02-25 16:54:37.853 : <epoch: 32, iter:  15,800, lr:2.000e-04> G_loss: 3.708e+00 TV_loss: 5.882e-02 Gradient_loss: 8.630e-01 l1_loss: 3.526e-01 Constrast_loss: 2.433e+00 
22-02-25 16:56:37.547 : <epoch: 36, iter:  16,000, lr:2.000e-04> G_loss: 4.181e+00 TV_loss: 3.337e-02 Gradient_loss: 1.031e+00 l1_loss: 4.242e-01 Constrast_loss: 2.692e+00 
22-02-25 16:56:37.553 : Saving the model. Save path is:Model/Multi_Focus_Fusion/Multi_Focus_Fusion/models/16000_E.pth
22-02-25 16:58:57.351 : <epoch: 39, iter:  16,200, lr:2.000e-04> G_loss: 3.133e+00 TV_loss: 3.142e-02 Gradient_loss: 1.018e+00 l1_loss: 2.775e-01 Constrast_loss: 1.806e+00 
22-02-25 17:00:57.968 : <epoch: 43, iter:  16,400, lr:2.000e-04> G_loss: 4.267e+00 TV_loss: 5.130e-02 Gradient_loss: 1.047e+00 l1_loss: 4.422e-01 Constrast_loss: 2.726e+00 
22-02-25 17:02:59.286 : <epoch: 47, iter:  16,600, lr:2.000e-04> G_loss: 2.857e+00 TV_loss: 1.893e-02 Gradient_loss: 7.286e-01 l1_loss: 2.234e-01 Constrast_loss: 1.886e+00 
22-02-25 17:05:00.305 : <epoch: 50, iter:  16,800, lr:2.000e-04> G_loss: 3.253e+00 TV_loss: 2.362e-02 Gradient_loss: 8.847e-01 l1_loss: 2.544e-01 Constrast_loss: 2.091e+00 
22-02-25 17:07:01.860 : <epoch: 54, iter:  17,000, lr:2.000e-04> G_loss: 3.946e+00 TV_loss: 7.058e-02 Gradient_loss: 1.086e+00 l1_loss: 3.700e-01 Constrast_loss: 2.419e+00 
22-02-25 17:07:01.866 : Saving the model. Save path is:Model/Multi_Focus_Fusion/Multi_Focus_Fusion/models/17000_E.pth
22-02-25 17:09:22.419 : <epoch: 58, iter:  17,200, lr:2.000e-04> G_loss: 5.167e+00 TV_loss: 7.822e-02 Gradient_loss: 6.940e-01 l1_loss: 5.398e-01 Constrast_loss: 3.855e+00 
22-02-25 17:11:22.947 : <epoch: 61, iter:  17,400, lr:2.000e-04> G_loss: 1.846e+00 TV_loss: 3.790e-02 Gradient_loss: 5.260e-01 l1_loss: 2.529e-01 Constrast_loss: 1.029e+00 
22-02-25 17:13:24.233 : <epoch: 65, iter:  17,600, lr:2.000e-04> G_loss: 2.114e+00 TV_loss: 8.133e-03 Gradient_loss: 7.520e-01 l1_loss: 1.737e-01 Constrast_loss: 1.180e+00 
22-02-25 17:15:26.934 : <epoch: 69, iter:  17,800, lr:2.000e-04> G_loss: 3.942e+00 TV_loss: 3.278e-02 Gradient_loss: 1.110e+00 l1_loss: 3.716e-01 Constrast_loss: 2.427e+00 
22-02-25 17:17:27.358 : <epoch: 72, iter:  18,000, lr:2.000e-04> G_loss: 3.940e+00 TV_loss: 7.130e-02 Gradient_loss: 9.187e-01 l1_loss: 4.357e-01 Constrast_loss: 2.514e+00 
22-02-25 17:17:27.363 : Saving the model. Save path is:Model/Multi_Focus_Fusion/Multi_Focus_Fusion/models/18000_E.pth
22-03-14 16:03:47.513 :   task: Multi_Focus_Fusion
  model: plain
  gpu_ids: [0, 1, 2]
  dist: True
  scale: 1
  n_channels: 1
  path:[
    root: Model/Multi_Focus_Fusion
    pretrained_netG: Model/Multi_Focus_Fusion/Multi_Focus_Fusion/models/18000_G.pth
    pretrained_netE: Model/Multi_Focus_Fusion/Multi_Focus_Fusion/models/18000_E.pth
    task: Model/Multi_Focus_Fusion/Multi_Focus_Fusion
    log: Model/Multi_Focus_Fusion/Multi_Focus_Fusion
    options: Model/Multi_Focus_Fusion/Multi_Focus_Fusion/options
    models: Model/Multi_Focus_Fusion/Multi_Focus_Fusion/models
    images: Model/Multi_Focus_Fusion/Multi_Focus_Fusion/images
    pretrained_optimizerG: Model/Multi_Focus_Fusion/Multi_Focus_Fusion/models/18000_optimizerG.pth
  ]
  datasets:[
    train:[
      name: train_dataset
      dataset_type: mff
      dataroot_A: Dataset/trainsets/Lytro/A_Y
      dataroot_B: Dataset/trainsets/Lytro/B_Y
      dataroot_GT: Dataset/trainsets/Lytro/GT
      H_size: 128
      dataloader_shuffle: True
      dataloader_num_workers: 8
      dataloader_batch_size: 9
      phase: train
      scale: 1
      n_channels: 1
    ]
    test:[
      name: test_dataset
      dataset_type: mff
      dataroot_A: Dataset/valsets/Lytro/A_Y
      dataroot_B: Dataset/valsets/Lytro/B_Y
      dataroot_GT: Dataset/valsets/Lytro/GT_Y
      phase: test
      scale: 1
      n_channels: 1
    ]
  ]
  netG:[
    net_type: swinfusion1
    upscale: 1
    in_chans: 1
    img_size: 128
    window_size: 8
    img_range: 1.0
    depths: [6, 6, 6, 6]
    embed_dim: 60
    num_heads: [6, 6, 6, 6]
    mlp_ratio: 2
    upsampler: None
    resi_connection: 1conv
    init_type: default
    scale: 1
  ]
  train:[
    G_lossfn_type: mff
    G_lossfn_weight: 1.0
    E_decay: 0.999
    G_optimizer_type: adam
    G_optimizer_lr: 0.0002
    G_optimizer_wd: 0
    G_optimizer_clipgrad: None
    G_optimizer_reuse: True
    G_scheduler_type: MultiStepLR
    G_scheduler_milestones: [250000, 400000, 450000, 475000, 500000]
    G_scheduler_gamma: 0.5
    G_regularizer_orthstep: None
    G_regularizer_clipstep: None
    G_param_strict: True
    E_param_strict: True
    checkpoint_test: 1000
    checkpoint_save: 1000
    checkpoint_print: 200
    F_feature_layer: 34
    F_weights: 1.0
    F_lossfn_type: l1
    F_use_input_norm: True
    F_use_range_norm: False
  ]
  opt_path: options/swinir/train_swinfusion_mff.json
  is_train: True
  merge_bn: False
  merge_bn_startpoint: -1
  find_unused_parameters: True
  num_gpu: 3
  rank: 0
  world_size: 3

22-03-14 16:03:47.533 : Number of train images: 500, iters: 56
22-03-14 16:05:56.845 : <epoch:  3, iter:  18,200, lr:2.000e-04> G_loss: 3.546e+00 TV_loss: 2.357e-02 Gradient_loss: 1.166e+00 l1_loss: 3.151e-01 Constrast_loss: 2.042e+00 
